<?xml version="1.0" encoding="utf-8"?><testsuites name="pytest tests"><testsuite name="pytest" errors="0" failures="0" skipped="0" tests="6" time="3.324" timestamp="2026-07-25T09:56:34.678619+00:00" hostname="agent-env-861beb2b-96c5-4e28-8a67-fb8c05dd11a3"><testcase classname="backend.tests.test_agenda_employee_ids" name="test_00_admin_creates_appt_with_employee_ids_and_location" time="0.562" /><testcase classname="backend.tests.test_agenda_employee_ids" name="test_01_admin_updates_employee_ids_and_location" time="0.420" /><testcase classname="backend.tests.test_agenda_employee_ids" name="test_02_tech_sees_only_own_appts" time="0.866" /><testcase classname="backend.tests.test_agenda_employee_ids" name="test_03_admin_supervisor_sees_all_on_tech_endpoint" time="0.424" /><testcase classname="backend.tests.test_agenda_employee_ids" name="test_04_backward_compat_no_employee_ids" time="0.413" /><testcase classname="backend.tests.test_agenda_employee_ids" name="test_99_cleanup" time="0.568" /></testsuite></testsuites>