<?xml version="1.0" encoding="utf-8"?><testsuites name="pytest tests"><testsuite name="pytest" errors="0" failures="0" skipped="0" tests="8" time="1.567" timestamp="2026-08-06T19:22:32.820107+00:00" hostname="agent-env-b3a6baa4-bc56-43f8-8dd2-7b2815231e62"><testcase classname="backend.tests.test_bank_analysis" name="test_upload_returns_transactions" time="1.031" /><testcase classname="backend.tests.test_bank_analysis" name="test_categories_assigned_correctly" time="0.000" /><testcase classname="backend.tests.test_bank_analysis" name="test_recurring_detected" time="0.000" /><testcase classname="backend.tests.test_bank_analysis" name="test_tax_estimation_fields" time="0.000" /><testcase classname="backend.tests.test_bank_analysis" name="test_cashflow_projection" time="0.000" /><testcase classname="backend.tests.test_bank_analysis" name="test_list_analyses" time="0.157" /><testcase classname="backend.tests.test_bank_analysis" name="test_get_analysis_by_id" time="0.186" /><testcase classname="backend.tests.test_bank_analysis" name="test_get_analysis_404" time="0.112" /></testsuite></testsuites>