<?xml version="1.0" encoding="utf-8"?><testsuites name="pytest tests"><testsuite name="pytest" errors="0" failures="0" skipped="0" tests="7" time="1.715" timestamp="2026-07-25T10:39:16.357754+00:00" hostname="agent-env-861beb2b-96c5-4e28-8a67-fb8c05dd11a3"><testcase classname="backend.tests.test_caixa_obra" name="test_caixa_requires_auth" time="0.731" /><testcase classname="backend.tests.test_caixa_obra" name="test_caixa_returns_full_structure" time="0.110" /><testcase classname="backend.tests.test_caixa_obra" name="test_caixa_math_consistency" time="0.100" /><testcase classname="backend.tests.test_caixa_obra" name="test_caixa_no_invoices_defaults" time="0.228" /><testcase classname="backend.tests.test_caixa_obra" name="test_caixa_invalid_work_404" time="0.133" /><testcase classname="backend.tests.test_caixa_obra" name="test_regression_works_endpoint" time="0.099" /><testcase classname="backend.tests.test_caixa_obra" name="test_regression_works_full" time="0.101" /></testsuite></testsuites>