<?xml version="1.0" encoding="utf-8"?><testsuites name="pytest tests"><testsuite name="pytest" errors="0" failures="0" skipped="5" tests="11" time="2.253" timestamp="2026-07-25T17:53:09.083645+00:00" hostname="agent-env-861beb2b-96c5-4e28-8a67-fb8c05dd11a3"><testcase classname="backend.tests.test_caixa_obra_alerts.TestAlertsSchema" name="test_alerts_field_exists_on_every_work" time="0.824" /><testcase classname="backend.tests.test_caixa_obra_alerts.TestAlertsSchema" name="test_each_alert_has_required_shape" time="0.000" /><testcase classname="backend.tests.test_caixa_obra_alerts.TestAlertsSemantic" name="test_faturas_vencidas_consistency" time="0.000"><skipped type="pytest.skip" message="Nenhuma obra tem faturas_vencidas para validar">/app/backend/tests/test_caixa_obra_alerts.py:100: Nenhuma obra tem faturas_vencidas para validar</skipped></testcase><testcase classname="backend.tests.test_caixa_obra_alerts.TestAlertsSemantic" name="test_recebimento_lento_consistency" time="0.000"><skipped type="pytest.skip" message="Nenhuma obra com recebimento_lento">/app/backend/tests/test_caixa_obra_alerts.py:114: Nenhuma obra com recebimento_lento</skipped></testcase><testcase classname="backend.tests.test_caixa_obra_alerts.TestAlertsSemantic" name="test_custo_excedido_consistency" time="0.000"><skipped type="pytest.skip" message="Nenhuma obra com custo_excedido">/app/backend/tests/test_caixa_obra_alerts.py:130: Nenhuma obra com custo_excedido</skipped></testcase><testcase classname="backend.tests.test_caixa_obra_alerts.TestAlertsSemantic" name="test_margem_baixa_consistency" time="0.000"><skipped type="pytest.skip" message="Nenhuma obra com margem_baixa">/app/backend/tests/test_caixa_obra_alerts.py:149: Nenhuma obra com margem_baixa</skipped></testcase><testcase classname="backend.tests.test_caixa_obra_alerts.TestAlertsSemantic" name="test_despesas_atraso_consistency" time="0.000"><skipped type="pytest.skip" message="Nenhuma obra com despesas_atraso">/app/backend/tests/test_caixa_obra_alerts.py:163: Nenhuma obra com despesas_atraso</skipped></testcase><testcase classname="backend.tests.test_caixa_obra_alerts.TestAlertsErrorPaths" name="test_unknown_work_returns_404" time="0.106" /><testcase classname="backend.tests.test_caixa_obra_alerts.TestAlertsSeededE2E" name="test_seed_and_verify_all_alerts" time="1.118" /><testcase classname="backend.tests.test_caixa_obra_alerts.TestAlertsSeededE2E" name="test_empty_alerts_when_conditions_absent" time="0.107" /><testcase classname="backend.tests.test_caixa_obra_alerts.TestAlertsGlobalStats" name="test_report_codes_present" time="0.000" /></testsuite></testsuites>