<?xml version="1.0" encoding="utf-8"?><testsuites name="pytest tests"><testsuite name="pytest" errors="0" failures="0" skipped="0" tests="4" time="4.222" timestamp="2026-08-05T06:43:44.782319+00:00" hostname="agent-env-b3a6baa4-bc56-43f8-8dd2-7b2815231e62"><testcase classname="backend.tests.test_gcal_agenda" name="test_check_calendar_conflict" time="2.004" /><testcase classname="backend.tests.test_gcal_agenda" name="test_check_calendar_available" time="0.492" /><testcase classname="backend.tests.test_gcal_agenda" name="test_create_appointment_creates_gcal_event" time="1.392" /><testcase classname="backend.tests.test_gcal_agenda" name="test_check_calendar_requires_auth" time="0.160" /></testsuite></testsuites>