<?xml version="1.0" encoding="utf-8"?><testsuites name="pytest tests"><testsuite name="pytest" errors="0" failures="0" skipped="0" tests="3" time="2.207" timestamp="2026-08-06T23:18:07.079715+00:00" hostname="agent-env-d0169cb8-e259-430d-84d8-9c16211a899e"><testcase classname="backend.tests.test_iter44_category_overrides" name="test_list_endpoint_returns_array" time="0.626" /><testcase classname="backend.tests.test_iter44_category_overrides" name="test_learning_flow_end_to_end" time="1.344" /><testcase classname="backend.tests.test_iter44_category_overrides" name="test_delete_nonexistent_override_returns_404" time="0.164" /></testsuite></testsuites>