<?xml version="1.0" encoding="utf-8"?><testsuites name="pytest tests"><testsuite name="pytest" errors="0" failures="0" skipped="0" tests="10" time="4.460" timestamp="2026-08-07T15:53:27.591112+00:00" hostname="agent-env-d861d1dd-d1a0-483c-8acf-903a40ec22eb"><testcase classname="backend.tests.test_reconciliation_audit_reports.TestReconciliationAuditReports" name="test_reconcile_preview_returns_200" time="0.436" /><testcase classname="backend.tests.test_reconciliation_audit_reports.TestReconciliationAuditReports" name="test_reconcile_apply_returns_report_object" time="0.396" /><testcase classname="backend.tests.test_reconciliation_audit_reports.TestReconciliationAuditReports" name="test_list_reconciliation_reports" time="0.423" /><testcase classname="backend.tests.test_reconciliation_audit_reports.TestReconciliationAuditReports" name="test_download_reconciliation_report" time="0.441" /><testcase classname="backend.tests.test_reconciliation_audit_reports.TestReconciliationAuditReports" name="test_download_nonexistent_report_returns_404" time="0.514" /><testcase classname="backend.tests.test_reconciliation_audit_reports.TestReconciliationAuditReports" name="test_list_reports_requires_auth" time="0.448" /><testcase classname="backend.tests.test_reconciliation_audit_reports.TestReconciliationAuditReports" name="test_download_report_requires_auth" time="0.473" /><testcase classname="backend.tests.test_reconciliation_audit_reports.TestReconciliationAuditReports" name="test_report_contains_metadata" time="0.378" /><testcase classname="backend.tests.test_reconciliation_audit_reports.TestReconciliationAuditReports" name="test_apply_message_format" time="0.379" /><testcase classname="backend.tests.test_reconciliation_audit_reports.TestReconciliationReportPersistence" name="test_report_persisted_after_apply" time="0.483" /></testsuite></testsuites>