<?xml version="1.0" encoding="utf-8"?><testsuites name="pytest tests"><testsuite name="pytest" errors="0" failures="0" skipped="0" tests="3" time="1.436" timestamp="2026-08-11T02:15:06.945206+00:00" hostname="agent-env-621e88ea-3cb0-422c-bf14-476462826428"><testcase classname="test_white_label_branding.TestWhiteLabelBranding" name="test_update_system_settings_extracts_brand_palette" time="0.428" /><testcase classname="test_white_label_branding.TestWhiteLabelBranding" name="test_logo_endpoint_returns_active_tenant_logo" time="0.445" /><testcase classname="test_white_label_branding.TestWhiteLabelBranding" name="test_public_branding_endpoint_returns_company_palette" time="0.486" /></testsuite></testsuites>