<?xml version="1.0" encoding="utf-8"?><testsuites name="pytest tests"><testsuite name="pytest" errors="0" failures="0" skipped="0" tests="6" time="3.681" timestamp="2026-08-08T20:10:21.831188+00:00" hostname="agent-env-bcc0c7c7-dbf1-47b2-9fa7-82dbf66a0a20"><testcase classname="backend.tests.test_tech_agenda_predicted_bills.TestTechAgendaPredictedBills" name="test_admin_login_success" time="0.483" /><testcase classname="backend.tests.test_tech_agenda_predicted_bills.TestTechAgendaPredictedBills" name="test_tech_login_success" time="0.336" /><testcase classname="backend.tests.test_tech_agenda_predicted_bills.TestTechAgendaPredictedBills" name="test_admin_can_see_predicted_bills_in_agenda" time="0.445" /><testcase classname="backend.tests.test_tech_agenda_predicted_bills.TestTechAgendaPredictedBills" name="test_tech_cannot_see_predicted_bills_in_agenda" time="0.465" /><testcase classname="backend.tests.test_tech_agenda_predicted_bills.TestTechAgendaPredictedBills" name="test_admin_vs_tech_comparison" time="0.916" /><testcase classname="backend.tests.test_tech_agenda_predicted_bills.TestTechAgendaPredictedBills" name="test_endpoint_not_broken" time="0.958" /></testsuite></testsuites>