<?xml version="1.0" encoding="utf-8"?><testsuites name="pytest tests"><testsuite name="pytest" errors="0" failures="0" skipped="0" tests="11" time="2.798" timestamp="2026-08-06T23:11:33.901299+00:00" hostname="agent-env-d0169cb8-e259-430d-84d8-9c16211a899e"><testcase classname="backend.tests.test_iter43_fuzzy_dup.TestExtractSignificantWords" name="test_extracts_joteilux_from_bank_desc" time="0.001" /><testcase classname="backend.tests.test_iter43_fuzzy_dup.TestExtractSignificantWords" name="test_strips_noise_words" time="0.000" /><testcase classname="backend.tests.test_iter43_fuzzy_dup.TestExtractSignificantWords" name="test_strips_dates_and_refs" time="0.000" /><testcase classname="backend.tests.test_iter43_fuzzy_dup.TestExtractSignificantWords" name="test_multiple_suppliers" time="0.000" /><testcase classname="backend.tests.test_iter43_fuzzy_dup.TestFuzzyMatch" name="test_joteilux_match" time="0.000" /><testcase classname="backend.tests.test_iter43_fuzzy_dup.TestFuzzyMatch" name="test_no_match_different_suppliers" time="0.000" /><testcase classname="backend.tests.test_iter43_fuzzy_dup.TestFuzzyMatch" name="test_no_match_empty" time="0.000" /><testcase classname="backend.tests.test_iter43_fuzzy_dup.TestFuzzyMatch" name="test_armasul_match" time="0.000" /><testcase classname="backend.tests.test_iter43_fuzzy_dup.TestFuzzyDupInUpload" name="test_csv_upload_detects_fuzzy_dup" time="1.970" /><testcase classname="backend.tests.test_iter43_fuzzy_dup.TestStaleProcessingDetection" name="test_stale_processing_marked_failed" time="0.267" /><testcase classname="backend.tests.test_iter43_fuzzy_dup.TestStaleProcessingDetection" name="test_fresh_processing_still_processing" time="0.307" /></testsuite></testsuites>