<?xml version="1.0" encoding="utf-8"?><testsuites name="pytest tests"><testsuite name="pytest" errors="0" failures="0" skipped="0" tests="11" time="2.684" timestamp="2026-08-07T14:41:17.117779+00:00" hostname="agent-env-d861d1dd-d1a0-483c-8acf-903a40ec22eb"><testcase classname="tests.test_treasury_insights.TestTreasuryInsightsAPI" name="test_treasury_insights_returns_200" time="0.540" /><testcase classname="tests.test_treasury_insights.TestTreasuryInsightsAPI" name="test_treasury_insights_has_required_fields" time="0.127" /><testcase classname="tests.test_treasury_insights.TestTreasuryInsightsAPI" name="test_treasury_insights_opening_balance_override" time="0.142" /><testcase classname="tests.test_treasury_insights.TestTreasuryInsightsAPI" name="test_treasury_insights_summary_30d_structure" time="0.145" /><testcase classname="tests.test_treasury_insights.TestTreasuryInsightsAPI" name="test_treasury_insights_requires_auth" time="0.109" /><testcase classname="tests.test_treasury_insights.TestSystemSettingsAPI" name="test_get_system_settings_returns_200" time="0.402" /><testcase classname="tests.test_treasury_insights.TestSystemSettingsAPI" name="test_system_settings_has_treasury_settings" time="0.120" /><testcase classname="tests.test_treasury_insights.TestSystemSettingsAPI" name="test_update_treasury_settings_anomaly_threshold" time="0.478" /><testcase classname="tests.test_treasury_insights.TestSystemSettingsAPI" name="test_system_settings_requires_auth" time="0.156" /><testcase classname="tests.test_treasury_insights.TestTreasuryInsightsIntegration" name="test_treasury_insights_respects_configured_threshold" time="0.226" /><testcase classname="tests.test_treasury_insights.TestTreasuryInsightsIntegration" name="test_treasury_summary_badges_structure" time="0.147" /></testsuite></testsuites>