<?xml version="1.0" encoding="utf-8"?><testsuites name="pytest tests"><testsuite name="pytest" errors="0" failures="0" skipped="0" tests="13" time="4.193" timestamp="2026-08-11T01:38:53.758715+00:00" hostname="agent-env-c0abe102-cd45-4c37-8bcc-63bbed6379bb"><testcase classname="backend.tests.test_self_service_registration.TestSelfServiceRegistration" name="test_register_creates_company_and_admin" time="0.552" /><testcase classname="backend.tests.test_self_service_registration.TestSelfServiceRegistration" name="test_register_then_auth_me_returns_new_tenant" time="0.432" /><testcase classname="backend.tests.test_self_service_registration.TestSelfServiceRegistration" name="test_register_then_companies_current_returns_new_tenant" time="0.421" /><testcase classname="backend.tests.test_self_service_registration.TestSelfServiceRegistration" name="test_register_validation_missing_name" time="0.147" /><testcase classname="backend.tests.test_self_service_registration.TestSelfServiceRegistration" name="test_register_validation_missing_company_name" time="0.109" /><testcase classname="backend.tests.test_self_service_registration.TestSelfServiceRegistration" name="test_register_validation_short_password" time="0.144" /><testcase classname="backend.tests.test_self_service_registration.TestSelfServiceRegistration" name="test_register_validation_duplicate_email" time="0.124" /><testcase classname="backend.tests.test_self_service_registration.TestAdminLoginRegression" name="test_admin_login_still_works" time="0.330" /><testcase classname="backend.tests.test_self_service_registration.TestAdminLoginRegression" name="test_admin_auth_me_after_login" time="0.377" /><testcase classname="backend.tests.test_self_service_registration.TestTechLoginRegression" name="test_tech_login_still_works" time="0.340" /><testcase classname="backend.tests.test_self_service_registration.TestTechLoginRegression" name="test_tech_auth_me_after_login" time="0.384" /><testcase classname="backend.tests.test_self_service_registration.TestNewAccountIsolation" name="test_new_account_has_available_companies" time="0.347" /><testcase classname="backend.tests.test_self_service_registration.TestNewAccountIsolation" name="test_new_account_companies_list_isolated" time="0.384" /></testsuite></testsuites>