<?xml version="1.0" encoding="utf-8"?><testsuites name="pytest tests"><testsuite name="pytest" errors="0" failures="0" skipped="0" tests="13" time="4.433" timestamp="2026-07-24T11:51:58.447754+00:00" hostname="agent-env-861beb2b-96c5-4e28-8a67-fb8c05dd11a3"><testcase classname="tests.test_tech_portal_perm_bugfix.TestTechPortalPermBugfix" name="test_01_create_tec_user_with_only_tech_portal" time="0.828" /><testcase classname="tests.test_tech_portal_perm_bugfix.TestTechPortalPermBugfix" name="test_02_login_returns_module_permissions" time="0.325" /><testcase classname="tests.test_tech_portal_perm_bugfix.TestTechPortalPermBugfix" name="test_03_tec_can_list_transport_guides" time="0.458" /><testcase classname="tests.test_tech_portal_perm_bugfix.TestTechPortalPermBugfix" name="test_04_tec_profile_returns_200" time="0.102" /><testcase classname="tests.test_tech_portal_perm_bugfix.TestTechPortalPermBugfix" name="test_05_tec_timesheet_today" time="0.110" /><testcase classname="tests.test_tech_portal_perm_bugfix.TestTechPortalPermBugfix" name="test_06_tec_auth_me_perms" time="0.101" /><testcase classname="tests.test_tech_portal_perm_bugfix.TestSecurityRegression" name="test_10_create_consulta_no_tech_portal" time="0.322" /><testcase classname="tests.test_tech_portal_perm_bugfix.TestSecurityRegression" name="test_11_consulta_blocked_from_tech_guides" time="0.456" /><testcase classname="tests.test_tech_portal_perm_bugfix.TestSecurityRegression" name="test_12_consulta_blocked_from_tech_profile" time="0.435" /><testcase classname="tests.test_tech_portal_perm_bugfix.TestRegressions" name="test_20_admin_still_sees_tech_guides" time="0.102" /><testcase classname="tests.test_tech_portal_perm_bugfix.TestRegressions" name="test_21_admin_profile_is_admin_view" time="0.116" /><testcase classname="tests.test_tech_portal_perm_bugfix.TestRegressions" name="test_22_real_tech_still_works" time="0.531" /><testcase classname="tests.test_tech_portal_perm_bugfix.TestZCleanup" name="test_99_cleanup_test_users" time="0.236" /></testsuite></testsuites>