<?xml version="1.0" encoding="utf-8"?><testsuites name="pytest tests"><testsuite name="pytest" errors="0" failures="0" skipped="0" tests="15" time="4.990" timestamp="2026-07-24T10:29:08.998608+00:00" hostname="agent-env-861beb2b-96c5-4e28-8a67-fb8c05dd11a3"><testcase classname="backend.tests.test_module_permissions.TestRolesEndpoint" name="test_get_roles_returns_all_modules_and_defaults" time="0.561" /><testcase classname="backend.tests.test_module_permissions.TestAuthMe" name="test_admin_auth_me_returns_module_permissions_field" time="0.105" /><testcase classname="backend.tests.test_module_permissions.TestAuthMe" name="test_login_response_includes_module_permissions" time="0.330" /><testcase classname="backend.tests.test_module_permissions.TestAdminAccessTechPortal" name="test_admin_can_list_tech_guides" time="0.103" /><testcase classname="backend.tests.test_module_permissions.TestAdminAccessTechPortal" name="test_tech_only_sees_own_guides" time="0.535" /><testcase classname="backend.tests.test_module_permissions.TestAdminAccessTechPortal" name="test_admin_profile_returns_is_admin_view" time="0.099" /><testcase classname="backend.tests.test_module_permissions.TestAdminAccessTechPortal" name="test_tech_profile_no_admin_flag" time="0.104" /><testcase classname="backend.tests.test_module_permissions.TestUserCRUDWithPermissions" name="test_create_user_with_granular_perms" time="0.359" /><testcase classname="backend.tests.test_module_permissions.TestUserCRUDWithPermissions" name="test_list_users_includes_new_user_with_perms" time="0.099" /><testcase classname="backend.tests.test_module_permissions.TestUserCRUDWithPermissions" name="test_new_user_can_login_and_auth_me_returns_perms" time="0.428" /><testcase classname="backend.tests.test_module_permissions.TestUserCRUDWithPermissions" name="test_update_user_perms_persists" time="0.197" /><testcase classname="backend.tests.test_module_permissions.TestUserCRUDWithPermissions" name="test_update_user_password_optional" time="0.651" /><testcase classname="backend.tests.test_module_permissions.TestUserCRUDWithPermissions" name="test_non_admin_cannot_list_users" time="0.425" /><testcase classname="backend.tests.test_module_permissions.TestUserCRUDWithPermissions" name="test_delete_created_user" time="0.203" /><testcase classname="backend.tests.test_module_permissions.TestRoleDefaultsOnCreate" name="test_create_tecnico_gets_only_tech_portal" time="0.425" /></testsuite></testsuites>