<?xml version="1.0" encoding="utf-8"?><testsuites name="pytest tests"><testsuite name="pytest" errors="0" failures="0" skipped="0" tests="7" time="1.874" timestamp="2026-08-06T19:45:19.122320+00:00" hostname="agent-env-b3a6baa4-bc56-43f8-8dd2-7b2815231e62"><testcase classname="backend.tests.test_bank_feed_calendar.TestRecurringDetection" name="test_recurring_has_day_intelligence_fields" time="0.626" /><testcase classname="backend.tests.test_bank_feed_calendar.TestRecurringDetection" name="test_typical_days_match_expected" time="0.131" /><testcase classname="backend.tests.test_bank_feed_calendar.TestFeedCalendar" name="test_delete_predictions_first_clean" time="0.189" /><testcase classname="backend.tests.test_bank_feed_calendar.TestFeedCalendar" name="test_feed_calendar_creates_appointments" time="0.271" /><testcase classname="backend.tests.test_bank_feed_calendar.TestFeedCalendar" name="test_feed_calendar_idempotent" time="0.122" /><testcase classname="backend.tests.test_bank_feed_calendar.TestFeedCalendar" name="test_appointments_persisted_with_flag" time="0.139" /><testcase classname="backend.tests.test_bank_feed_calendar.TestFeedCalendar" name="test_delete_predictions_removes_them" time="0.325" /></testsuite></testsuites>