<?xml version="1.0" encoding="utf-8"?><testsuites name="pytest tests"><testsuite name="pytest" errors="0" failures="0" skipped="0" tests="10" time="5.996" timestamp="2026-08-06T22:16:23.523646+00:00" hostname="agent-env-d0169cb8-e259-430d-84d8-9c16211a899e"><testcase classname="backend.tests.test_iter40_async_pdf.TestCsvSyncUpload" name="test_csv_upload_returns_completed" time="2.914" /><testcase classname="backend.tests.test_iter40_async_pdf.TestCsvSyncUpload" name="test_csv_analysis_in_list_with_status" time="0.417" /><testcase classname="backend.tests.test_iter40_async_pdf.TestCsvSyncUpload" name="test_csv_status_endpoint" time="0.154" /><testcase classname="backend.tests.test_iter40_async_pdf.TestStatusEndpoint" name="test_status_404_for_unknown_id" time="0.200" /><testcase classname="backend.tests.test_iter40_async_pdf.TestStatusEndpoint" name="test_status_requires_auth" time="0.168" /><testcase classname="backend.tests.test_iter40_async_pdf.TestPdfAsyncMocked" name="test_insert_mock_processing_record" time="0.099" /><testcase classname="backend.tests.test_iter40_async_pdf.TestPdfAsyncMocked" name="test_status_returns_processing" time="0.259" /><testcase classname="backend.tests.test_iter40_async_pdf.TestPdfAsyncMocked" name="test_list_includes_processing_item_with_status" time="0.178" /><testcase classname="backend.tests.test_iter40_async_pdf.TestPdfAsyncMocked" name="test_mock_failed_status" time="1.176" /><testcase classname="backend.tests.test_iter40_async_pdf" name="test_zz_cleanup" time="0.346" /></testsuite></testsuites>