<?xml version="1.0" encoding="utf-8"?><testsuites name="pytest tests"><testsuite name="pytest" errors="8" failures="0" skipped="0" tests="20" time="7.176" timestamp="2026-08-11T01:09:02.218228+00:00" hostname="agent-env-c0abe102-cd45-4c37-8bcc-63bbed6379bb"><testcase classname="backend.tests.test_multitenancy.TestMultitenancyAdminLogin" name="test_admin_login_returns_company_context" time="0.580" /><testcase classname="backend.tests.test_multitenancy.TestMultitenancyCompanyCreation" name="test_create_new_company" time="0.407" /><testcase classname="backend.tests.test_multitenancy.TestMultitenancyCompanyCreation" name="test_admin_gets_access_to_new_tenant" time="0.517" /><testcase classname="backend.tests.test_multitenancy.TestMultitenancyCompanySwitch" name="test_select_company_switches_tenant" time="0.480" /><testcase classname="backend.tests.test_multitenancy.TestMultitenancyCompanySwitch" name="test_auth_me_returns_new_company_after_switch" time="0.520" /><testcase classname="backend.tests.test_multitenancy.TestMultitenancyCompanySwitch" name="test_companies_current_returns_new_company_after_switch" time="0.488" /><testcase classname="backend.tests.test_multitenancy.TestMultitenancyUserIsolation" name="test_users_isolated_by_tenant" time="0.576" /><testcase classname="backend.tests.test_multitenancy.TestMultitenancyTechLogin" name="test_tech_login_returns_company_context" time="0.325" /><testcase classname="backend.tests.test_multitenancy.TestMultitenancyTechLogin" name="test_tech_auth_me_returns_company_context" time="0.433" /><testcase classname="backend.tests.test_multitenancy.TestMultitenancySessionRefresh" name="test_refresh_preserves_active_tenant" time="0.526" /><testcase classname="backend.tests.test_multitenancy.TestMultitenancyUserCreationInTenant" name="test_user_created_in_active_tenant" time="0.795" /><testcase classname="backend.tests.test_multitenancy_phase2.TestMultitenancyPhase2CompaniesEndpoint" name="test_companies_list_returns_stats" time="0.512" /><testcase classname="backend.tests.test_multitenancy_phase2.TestMultitenancyPhase2CompanyUsers" name="test_company_users_endpoint_returns_access_flags" time="0.106"><error message="failed on setup with &quot;assert 429 == 200&#10; +  where 429 = &lt;Response [429]&gt;.status_code&quot;">backend/tests/test_multitenancy_phase2.py:80: in admin_session_with_company
    assert response.status_code == 200
E   assert 429 == 200
E    +  where 429 = &lt;Response [429]&gt;.status_code</error></testcase><testcase classname="backend.tests.test_multitenancy_phase2.TestMultitenancyPhase2CompanyUsers" name="test_company_users_sorted_by_access" time="0.111"><error message="failed on setup with &quot;assert 429 == 200&#10; +  where 429 = &lt;Response [429]&gt;.status_code&quot;">backend/tests/test_multitenancy_phase2.py:80: in admin_session_with_company
    assert response.status_code == 200
E   assert 429 == 200
E    +  where 429 = &lt;Response [429]&gt;.status_code</error></testcase><testcase classname="backend.tests.test_multitenancy_phase2.TestMultitenancyPhase2UserCompanyUpdates" name="test_update_user_company_access_ids" time="0.114"><error message="failed on setup with &quot;assert 429 == 200&#10; +  where 429 = &lt;Response [429]&gt;.status_code&quot;">backend/tests/test_multitenancy_phase2.py:155: in admin_session_with_test_user
    assert response.status_code == 200
E   assert 429 == 200
E    +  where 429 = &lt;Response [429]&gt;.status_code</error></testcase><testcase classname="backend.tests.test_multitenancy_phase2.TestMultitenancyPhase2UserCompanyUpdates" name="test_update_user_primary_company" time="0.103"><error message="failed on setup with &quot;assert 429 == 200&#10; +  where 429 = &lt;Response [429]&gt;.status_code&quot;">backend/tests/test_multitenancy_phase2.py:155: in admin_session_with_test_user
    assert response.status_code == 200
E   assert 429 == 200
E    +  where 429 = &lt;Response [429]&gt;.status_code</error></testcase><testcase classname="backend.tests.test_multitenancy_phase2.TestMultitenancyPhase2UserCompanyUpdates" name="test_remove_company_access_from_user" time="0.103"><error message="failed on setup with &quot;assert 429 == 200&#10; +  where 429 = &lt;Response [429]&gt;.status_code&quot;">backend/tests/test_multitenancy_phase2.py:155: in admin_session_with_test_user
    assert response.status_code == 200
E   assert 429 == 200
E    +  where 429 = &lt;Response [429]&gt;.status_code</error></testcase><testcase classname="backend.tests.test_multitenancy_phase2.TestMultitenancyPhase2UserIsolationWithMultiAccess" name="test_user_appears_in_both_company_user_lists" time="0.123"><error message="failed on setup with &quot;assert 429 == 200&#10; +  where 429 = &lt;Response [429]&gt;.status_code&quot;">backend/tests/test_multitenancy_phase2.py:302: in admin_session_with_multi_access_user
    assert response.status_code == 200
E   assert 429 == 200
E    +  where 429 = &lt;Response [429]&gt;.status_code</error></testcase><testcase classname="backend.tests.test_multitenancy_phase2.TestMultitenancyPhase2UserIsolationWithMultiAccess" name="test_get_users_includes_multi_access_users" time="0.103"><error message="failed on setup with &quot;assert 429 == 200&#10; +  where 429 = &lt;Response [429]&gt;.status_code&quot;">backend/tests/test_multitenancy_phase2.py:302: in admin_session_with_multi_access_user
    assert response.status_code == 200
E   assert 429 == 200
E    +  where 429 = &lt;Response [429]&gt;.status_code</error></testcase><testcase classname="backend.tests.test_multitenancy_phase2.TestMultitenancyPhase2Validation" name="test_cannot_set_primary_outside_access_list" time="0.100"><error message="failed on setup with &quot;assert 429 == 200&#10; +  where 429 = &lt;Response [429]&gt;.status_code&quot;">backend/tests/test_multitenancy_phase2.py:399: in admin_session
    assert response.status_code == 200
E   assert 429 == 200
E    +  where 429 = &lt;Response [429]&gt;.status_code</error></testcase></testsuite></testsuites>