<?xml version="1.0" encoding="utf-8"?><testsuites name="pytest tests"><testsuite name="pytest" errors="0" failures="0" skipped="0" tests="30" time="4.438" timestamp="2026-08-08T14:31:16.241362+00:00" hostname="agent-env-bcc0c7c7-dbf1-47b2-9fa7-82dbf66a0a20"><testcase classname="tests.test_iter55_p2_features.TestDashboardMiniChart" name="test_dashboard_overview_returns_200" time="0.547" /><testcase classname="tests.test_iter55_p2_features.TestDashboardMiniChart" name="test_dashboard_has_monthly_revenue_vs_expenses" time="0.155" /><testcase classname="tests.test_iter55_p2_features.TestDashboardMiniChart" name="test_monthly_revenue_vs_expenses_structure" time="0.104" /><testcase classname="tests.test_iter55_p2_features.TestDashboardMiniChart" name="test_dashboard_highlights_structure" time="0.109" /><testcase classname="tests.test_iter55_p2_features.TestContasPrevistasFilters" name="test_predicted_bills_list_returns_200" time="0.104" /><testcase classname="tests.test_iter55_p2_features.TestContasPrevistasFilters" name="test_predicted_bills_list_is_array" time="0.101" /><testcase classname="tests.test_iter55_p2_features.TestContasPrevistasFilters" name="test_predicted_bills_item_structure" time="0.106" /><testcase classname="tests.test_iter55_p2_features.TestTeamGPSMap" name="test_team_map_returns_200" time="0.094" /><testcase classname="tests.test_iter55_p2_features.TestTeamGPSMap" name="test_team_map_response_structure" time="0.103" /><testcase classname="tests.test_iter55_p2_features.TestTeamGPSMap" name="test_team_map_summary_structure" time="0.106" /><testcase classname="tests.test_iter55_p2_features.TestTeamGPSMap" name="test_team_map_with_history_date_param" time="0.113" /><testcase classname="tests.test_iter55_p2_features.TestTeamGPSMap" name="test_team_map_with_technician_id_param" time="0.098" /><testcase classname="tests.test_iter55_p2_features.TestTeamGPSMap" name="test_team_map_requires_auth" time="0.108" /><testcase classname="tests.test_iter55_p2_features.TestTeamGPSMap" name="test_team_map_latest_positions_structure" time="0.099" /><testcase classname="tests.test_iter55_p2_features.TestTimeclockNoRegression" name="test_timeclock_all_returns_200" time="0.105" /><testcase classname="tests.test_iter55_p2_features.TestTimeclockNoRegression" name="test_timeclock_all_response_structure" time="0.103" /><testcase classname="tests.test_iter55_p2_features.TestTimeclockNoRegression" name="test_timeclock_all_with_date_filters" time="0.097" /><testcase classname="tests.test_iter55_p2_features.TestTimeclockNoRegression" name="test_timeclock_export_returns_csv" time="0.099" /><testcase classname="tests.test_iter55_p2_features.TestTimeclockNoRegression" name="test_timeclock_export_requires_auth" time="0.114" /><testcase classname="tests.test_iter55_p2_features.TestSecurityHardening" name="test_response_has_x_content_type_options" time="0.106" /><testcase classname="tests.test_iter55_p2_features.TestSecurityHardening" name="test_response_has_referrer_policy" time="0.111" /><testcase classname="tests.test_iter55_p2_features.TestSecurityHardening" name="test_response_has_content_security_policy" time="0.103" /><testcase classname="tests.test_iter55_p2_features.TestSecurityHardening" name="test_response_has_x_frame_options" time="0.102" /><testcase classname="tests.test_iter55_p2_features.TestSecurityHardening" name="test_response_has_permissions_policy" time="0.120" /><testcase classname="tests.test_iter55_p2_features.TestRateLimiting" name="test_rate_limit_on_check_availability" time="0.099" /><testcase classname="tests.test_iter55_p2_features.TestRateLimiting" name="test_authenticated_endpoints_not_rate_limited_normally" time="0.526" /><testcase classname="tests.test_iter55_p2_features.TestCORSConfiguration" name="test_cors_allows_frontend_origin" time="0.172" /><testcase classname="tests.test_iter55_p2_features.TestAuthEndpoints" name="test_login_success" time="0.331" /><testcase classname="tests.test_iter55_p2_features.TestAuthEndpoints" name="test_login_invalid_credentials" time="0.096" /><testcase classname="tests.test_iter55_p2_features.TestAuthEndpoints" name="test_auth_me_returns_user" time="0.098" /></testsuite></testsuites>