<?xml version="1.0" encoding="utf-8"?><testsuites name="pytest tests"><testsuite name="pytest" errors="0" failures="0" skipped="0" tests="6" time="2.308" timestamp="2026-08-07T16:16:21.182119+00:00" hostname="agent-env-d861d1dd-d1a0-483c-8acf-903a40ec22eb"><testcase classname="backend.tests.test_recurring_consolidated" name="test_get_recurring_consolidated" time="0.610" /><testcase classname="backend.tests.test_recurring_consolidated" name="test_route_not_intercepted_by_analysis_id" time="0.218" /><testcase classname="backend.tests.test_recurring_consolidated" name="test_refresh_recurring_consolidated" time="0.204" /><testcase classname="backend.tests.test_recurring_consolidated" name="test_patch_recurring_master" time="0.455" /><testcase classname="backend.tests.test_recurring_consolidated" name="test_patch_nonexistent_master" time="0.144" /><testcase classname="backend.tests.test_recurring_consolidated" name="test_delete_and_recreate_master" time="0.607" /></testsuite></testsuites>