<?xml version="1.0" encoding="utf-8"?><testsuites name="pytest tests"><testsuite name="pytest" errors="0" failures="0" skipped="0" tests="4" time="1.866" timestamp="2026-08-07T08:57:02.741091+00:00" hostname="agent-env-d0169cb8-e259-430d-84d8-9c16211a899e"><testcase classname="backend.tests.test_predicted_bills" name="test_list_predicted_bills" time="0.556" /><testcase classname="backend.tests.test_predicted_bills" name="test_create_missing_fields_400" time="0.097" /><testcase classname="backend.tests.test_predicted_bills" name="test_create_edit_delete_flow" time="0.764" /><testcase classname="backend.tests.test_predicted_bills" name="test_no_auth_401" time="0.098" /></testsuite></testsuites>