<?xml version="1.0" encoding="utf-8"?><testsuites name="pytest tests"><testsuite name="pytest" errors="0" failures="0" skipped="2" tests="24" time="23.752" timestamp="2026-08-08T09:13:06.305333+00:00" hostname="agent-env-bcc0c7c7-dbf1-47b2-9fa7-82dbf66a0a20"><testcase classname="tests.test_cfo_virtual.TestCfoVirtualDashboard" name="test_dashboard_returns_200" time="0.604" /><testcase classname="tests.test_cfo_virtual.TestCfoVirtualDashboard" name="test_dashboard_has_snapshot" time="0.050" /><testcase classname="tests.test_cfo_virtual.TestCfoVirtualDashboard" name="test_dashboard_has_context_validation" time="0.050" /><testcase classname="tests.test_cfo_virtual.TestCfoVirtualDashboard" name="test_dashboard_has_debts_array" time="0.049" /><testcase classname="tests.test_cfo_virtual.TestCfoVirtualDashboard" name="test_dashboard_has_urgent_receivables" time="0.046" /><testcase classname="tests.test_cfo_virtual.TestCfoVirtualDashboard" name="test_dashboard_has_work_margin_opportunities" time="0.052" /><testcase classname="tests.test_cfo_virtual.TestCfoVirtualDashboard" name="test_dashboard_has_cash_allocation" time="0.049" /><testcase classname="tests.test_cfo_virtual.TestCfoVirtualDashboard" name="test_dashboard_has_recent_transactions" time="0.049" /><testcase classname="tests.test_cfo_virtual.TestCfoVirtualDashboard" name="test_dashboard_requires_auth" time="0.135" /><testcase classname="tests.test_cfo_virtual.TestCfoVirtualDebts" name="test_list_debts_returns_200" time="0.040" /><testcase classname="tests.test_cfo_virtual.TestCfoVirtualDebts" name="test_create_debt_success" time="0.123" /><testcase classname="tests.test_cfo_virtual.TestCfoVirtualDebts" name="test_create_debt_invalid_tipo" time="0.081" /><testcase classname="tests.test_cfo_virtual.TestCfoVirtualDebts" name="test_create_debt_invalid_valor" time="0.039" /><testcase classname="tests.test_cfo_virtual.TestCfoVirtualDebts" name="test_update_debt_success" time="0.206" /><testcase classname="tests.test_cfo_virtual.TestCfoVirtualDebts" name="test_update_debt_not_found" time="0.046" /><testcase classname="tests.test_cfo_virtual.TestCfoVirtualDebts" name="test_delete_debt_success" time="0.203" /><testcase classname="tests.test_cfo_virtual.TestCfoVirtualDebts" name="test_delete_debt_not_found" time="0.039" /><testcase classname="tests.test_cfo_virtual.TestCfoVirtualAnalyze" name="test_analyze_returns_structured_report" time="13.127" /><testcase classname="tests.test_cfo_virtual.TestCfoVirtualAnalyze" name="test_analyze_blocks_without_bank_statement" time="0.049"><skipped type="pytest.skip" message="Bank statement is loaded - cannot test blocking behavior">/app/backend/tests/test_cfo_virtual.py:306: Bank statement is loaded - cannot test blocking behavior</skipped></testcase><testcase classname="tests.test_cfo_virtual.TestCfoVirtualSimulator" name="test_simulator_returns_projection" time="4.326" /><testcase classname="tests.test_cfo_virtual.TestCfoVirtualSimulator" name="test_simulator_respects_limits" time="4.186" /><testcase classname="tests.test_cfo_virtual.TestCfoVirtualSimulator" name="test_simulator_blocks_without_bank_statement" time="0.049"><skipped type="pytest.skip" message="Bank statement is loaded - cannot test blocking behavior">/app/backend/tests/test_cfo_virtual.py:388: Bank statement is loaded - cannot test blocking behavior</skipped></testcase><testcase classname="tests.test_cfo_virtual.TestAntiIllusionRule" name="test_cash_allocation_empty_when_no_free_cash" time="0.049" /><testcase classname="tests.test_cfo_virtual.TestDataTestIds" name="test_dashboard_data_testids_documented" time="0.000" /></testsuite></testsuites>