<?xml version="1.0" encoding="utf-8"?><testsuites name="pytest tests"><testsuite name="pytest" errors="0" failures="0" skipped="0" tests="8" time="5.385" timestamp="2026-08-06T22:24:29.165310+00:00" hostname="agent-env-d0169cb8-e259-430d-84d8-9c16211a899e"><testcase classname="backend.tests.test_iter41_auto_sync.TestAutoSyncCSV" name="test_upload_csv_returns_auto_sync_and_auto_calendar" time="1.382" /><testcase classname="backend.tests.test_iter41_auto_sync.TestAutoSyncCSV" name="test_get_analysis_includes_auto_sync" time="0.172" /><testcase classname="backend.tests.test_iter41_auto_sync.TestAutoSyncCSV" name="test_list_includes_auto_sync" time="0.184" /><testcase classname="backend.tests.test_iter41_auto_sync.TestAutoSyncCSV" name="test_duplicate_detection_on_second_upload" time="0.417" /><testcase classname="backend.tests.test_iter41_auto_sync.TestAutoSyncCSV" name="test_manual_sync_still_works" time="0.193" /><testcase classname="backend.tests.test_iter41_auto_sync.TestAutoSyncCSV" name="test_cleanup_analysis" time="1.786" /><testcase classname="backend.tests.test_iter41_auto_sync.TestAICategorize" name="test_ai_categorize_returns_counts" time="0.950" /><testcase classname="backend.tests.test_iter41_auto_sync.TestAICategorize" name="test_ai_categorize_requires_auth" time="0.176" /></testsuite></testsuites>