<?xml version="1.0" encoding="utf-8"?><testsuites name="pytest tests"><testsuite name="pytest" errors="0" failures="0" skipped="0" tests="6" time="1.726" timestamp="2026-08-06T23:25:11.316806+00:00" hostname="agent-env-d0169cb8-e259-430d-84d8-9c16211a899e"><testcase classname="backend.tests.test_iter45_patch_override" name="test_list_has_seeded_overrides" time="0.608" /><testcase classname="backend.tests.test_iter45_patch_override" name="test_patch_valid_category" time="0.452" /><testcase classname="backend.tests.test_iter45_patch_override" name="test_patch_invalid_category_400" time="0.153" /><testcase classname="backend.tests.test_iter45_patch_override" name="test_patch_missing_category_400" time="0.143" /><testcase classname="backend.tests.test_iter45_patch_override" name="test_patch_nonexistent_key_404" time="0.158" /><testcase classname="backend.tests.test_iter45_patch_override" name="test_patch_requires_auth" time="0.135" /></testsuite></testsuites>