<?xml version="1.0" encoding="utf-8"?><testsuites name="pytest tests"><testsuite name="pytest" errors="0" failures="0" skipped="0" tests="13" time="3.372" timestamp="2026-08-07T15:28:03.354189+00:00" hostname="agent-env-d861d1dd-d1a0-483c-8acf-903a40ec22eb"><testcase classname="backend.tests.test_bulk_reconciliation.TestReconcilePreviewEndpoint" name="test_preview_returns_200" time="0.608" /><testcase classname="backend.tests.test_bulk_reconciliation.TestReconcilePreviewEndpoint" name="test_preview_has_required_fields" time="0.159" /><testcase classname="backend.tests.test_bulk_reconciliation.TestReconcilePreviewEndpoint" name="test_preview_with_filters" time="0.112" /><testcase classname="backend.tests.test_bulk_reconciliation.TestReconcilePreviewEndpoint" name="test_preview_dry_run_flag" time="0.124" /><testcase classname="backend.tests.test_bulk_reconciliation.TestReconcileApplyEndpoint" name="test_apply_returns_200" time="0.111" /><testcase classname="backend.tests.test_bulk_reconciliation.TestReconcileApplyEndpoint" name="test_apply_has_result_fields" time="0.209" /><testcase classname="backend.tests.test_bulk_reconciliation.TestBulkReconciliationScenarios" name="test_fiscal_bank_reconciliation_scenario" time="0.754" /><testcase classname="backend.tests.test_bulk_reconciliation.TestBulkReconciliationScenarios" name="test_hard_duplicate_removal_scenario" time="0.482" /><testcase classname="backend.tests.test_bulk_reconciliation.TestBulkReconciliationScenarios" name="test_repreview_after_apply_shows_clean_state" time="0.272" /><testcase classname="backend.tests.test_bulk_reconciliation.TestReconcileAccessControl" name="test_preview_requires_auth" time="0.128" /><testcase classname="backend.tests.test_bulk_reconciliation.TestReconcileAccessControl" name="test_apply_requires_auth" time="0.102" /><testcase classname="backend.tests.test_bulk_reconciliation.TestReconcilePreviewContent" name="test_reconciliation_preview_item_structure" time="0.109" /><testcase classname="backend.tests.test_bulk_reconciliation.TestReconcilePreviewContent" name="test_hard_duplicate_preview_item_structure" time="0.099" /></testsuite></testsuites>