<?xml version="1.0" encoding="utf-8"?><testsuites name="pytest tests"><testsuite name="pytest" errors="0" failures="0" skipped="0" tests="15" time="4.178" timestamp="2026-08-06T20:58:17.073699+00:00" hostname="agent-env-b3a6baa4-bc56-43f8-8dd2-7b2815231e62"><testcase classname="tests.test_iter39_expenses_bank.TestExpensesExtract" name="test_extract_accepts_pdf" time="0.931" /><testcase classname="tests.test_iter39_expenses_bank.TestExpensesExtract" name="test_extract_accepts_image" time="0.251" /><testcase classname="tests.test_iter39_expenses_bank.TestExpensesExtract" name="test_extract_rejects_unsupported_format" time="0.134" /><testcase classname="tests.test_iter39_expenses_bank.TestSmartCategorization" name="test_leroy_merlin_maps_to_obra" time="0.236" /><testcase classname="tests.test_iter39_expenses_bank.TestSmartCategorization" name="test_restaurante_maps_to_variavel" time="0.252" /><testcase classname="tests.test_iter39_expenses_bank.TestSmartCategorization" name="test_edp_maps_to_fixo" time="0.258" /><testcase classname="tests.test_iter39_expenses_bank.TestDuplicateDetection" name="test_duplicate_returns_409" time="0.370" /><testcase classname="tests.test_iter39_expenses_bank.TestDuplicateDetection" name="test_force_true_bypasses_duplicate" time="0.502" /><testcase classname="tests.test_iter39_expenses_bank.TestBankAnalysisPDF" name="test_upload_accepts_pdf_format" time="0.273" /><testcase classname="tests.test_iter39_expenses_bank.TestBankAnalysisPDF" name="test_upload_rejects_doc_format" time="0.134" /><testcase classname="tests.test_iter39_expenses_bank.TestExpensesEndpoints" name="test_list_expenses" time="0.127" /><testcase classname="tests.test_iter39_expenses_bank.TestExpensesEndpoints" name="test_get_categories" time="0.134" /><testcase classname="tests.test_iter39_expenses_bank.TestExpensesEndpoints" name="test_get_summary" time="0.118" /><testcase classname="tests.test_iter39_expenses_bank.TestBankAnalysisEndpoints" name="test_list_analyses" time="0.141" /><testcase classname="tests.test_iter39_expenses_bank.TestBankAnalysisEndpoints" name="test_tax_alerts" time="0.118" /></testsuite></testsuites>