<?xml version="1.0" encoding="utf-8"?><testsuites name="pytest tests"><testsuite name="pytest" errors="0" failures="0" skipped="0" tests="7" time="1.600" timestamp="2026-08-06T19:29:58.152842+00:00" hostname="agent-env-b3a6baa4-bc56-43f8-8dd2-7b2815231e62"><testcase classname="backend.tests.test_bank_tax_and_sync.TestTaxAlerts" name="test_upcoming_returns_alerts" time="0.499" /><testcase classname="backend.tests.test_bank_tax_and_sync.TestTaxAlerts" name="test_alerts_sorted_by_date" time="0.154" /><testcase classname="backend.tests.test_bank_tax_and_sync.TestTaxAlerts" name="test_requires_auth" time="0.119" /><testcase classname="backend.tests.test_bank_tax_and_sync.TestCheckDuplicates" name="test_preview_shape" time="0.255" /><testcase classname="backend.tests.test_bank_tax_and_sync.TestCheckDuplicates" name="test_404_on_missing" time="0.117" /><testcase classname="backend.tests.test_bank_tax_and_sync.TestSyncExpenses" name="test_sync_idempotent_all_duplicates" time="0.255" /><testcase classname="backend.tests.test_bank_tax_and_sync.TestSyncExpenses" name="test_expenses_have_bank_txn_id" time="0.118" /></testsuite></testsuites>