<?xml version="1.0" encoding="utf-8"?><testsuites name="pytest tests"><testsuite name="pytest" errors="0" failures="0" skipped="0" tests="11" time="5.595" timestamp="2026-08-11T00:46:40.299824+00:00" hostname="agent-env-c0abe102-cd45-4c37-8bcc-63bbed6379bb"><testcase classname="backend.tests.test_multitenancy.TestMultitenancyAdminLogin" name="test_admin_login_returns_company_context" time="0.490" /><testcase classname="backend.tests.test_multitenancy.TestMultitenancyCompanyCreation" name="test_create_new_company" time="0.441" /><testcase classname="backend.tests.test_multitenancy.TestMultitenancyCompanyCreation" name="test_admin_gets_access_to_new_tenant" time="0.438" /><testcase classname="backend.tests.test_multitenancy.TestMultitenancyCompanySwitch" name="test_select_company_switches_tenant" time="0.453" /><testcase classname="backend.tests.test_multitenancy.TestMultitenancyCompanySwitch" name="test_auth_me_returns_new_company_after_switch" time="0.542" /><testcase classname="backend.tests.test_multitenancy.TestMultitenancyCompanySwitch" name="test_companies_current_returns_new_company_after_switch" time="0.513" /><testcase classname="backend.tests.test_multitenancy.TestMultitenancyUserIsolation" name="test_users_isolated_by_tenant" time="0.530" /><testcase classname="backend.tests.test_multitenancy.TestMultitenancyTechLogin" name="test_tech_login_returns_company_context" time="0.363" /><testcase classname="backend.tests.test_multitenancy.TestMultitenancyTechLogin" name="test_tech_auth_me_returns_company_context" time="0.450" /><testcase classname="backend.tests.test_multitenancy.TestMultitenancySessionRefresh" name="test_refresh_preserves_active_tenant" time="0.496" /><testcase classname="backend.tests.test_multitenancy.TestMultitenancyUserCreationInTenant" name="test_user_created_in_active_tenant" time="0.772" /></testsuite></testsuites>