<?xml version="1.0" encoding="utf-8"?><testsuites name="pytest tests"><testsuite name="pytest" errors="0" failures="0" skipped="0" tests="7" time="4.048" timestamp="2026-08-06T23:00:17.056165+00:00" hostname="agent-env-d0169cb8-e259-430d-84d8-9c16211a899e"><testcase classname="backend.tests.test_iter42_approval_learning" name="test_upload_returns_sync_preview_pending" time="1.503" /><testcase classname="backend.tests.test_iter42_approval_learning" name="test_no_expenses_auto_created" time="0.161" /><testcase classname="backend.tests.test_iter42_approval_learning" name="test_patch_transaction_learns_override" time="0.153" /><testcase classname="backend.tests.test_iter42_approval_learning" name="test_list_category_overrides" time="0.142" /><testcase classname="backend.tests.test_iter42_approval_learning" name="test_approve_sync_partial" time="0.574" /><testcase classname="backend.tests.test_iter42_approval_learning" name="test_override_applies_to_future_upload" time="0.496" /><testcase classname="backend.tests.test_iter42_approval_learning" name="test_cleanup_expenses" time="0.900" /></testsuite></testsuites>