<?xml version="1.0" encoding="utf-8"?><testsuites name="pytest tests"><testsuite name="pytest" errors="0" failures="0" skipped="0" tests="12" time="3.062" timestamp="2026-08-07T15:12:42.075143+00:00" hostname="agent-env-d861d1dd-d1a0-483c-8acf-903a40ec22eb"><testcase classname="backend.tests.test_dedupe_reconciliation.TestExpenseDeduplication" name="test_create_fiscal_expense" time="0.764" /><testcase classname="backend.tests.test_dedupe_reconciliation.TestExpenseDeduplication" name="test_hard_duplicate_blocked" time="0.306" /><testcase classname="backend.tests.test_dedupe_reconciliation.TestExpenseDeduplication" name="test_bank_expense_reconciles_with_fiscal" time="0.150" /><testcase classname="backend.tests.test_dedupe_reconciliation.TestExpenseDeduplication" name="test_cleanup_fiscal_expense" time="0.127" /><testcase classname="backend.tests.test_dedupe_reconciliation.TestBankAnalysisSyncPreview" name="test_get_bank_analyses_list" time="0.128" /><testcase classname="backend.tests.test_dedupe_reconciliation.TestBankAnalysisSyncPreview" name="test_sync_preview_structure" time="0.137" /><testcase classname="backend.tests.test_dedupe_reconciliation.TestBankAnalysisSyncPreview" name="test_check_duplicates_endpoint" time="0.142" /><testcase classname="backend.tests.test_dedupe_reconciliation.TestSyncExpensesReconciliation" name="test_sync_expenses_endpoint" time="0.293" /><testcase classname="backend.tests.test_dedupe_reconciliation.TestTreasuryNotifications" name="test_treasury_insights_endpoint" time="0.194" /><testcase classname="backend.tests.test_dedupe_reconciliation.TestTreasuryNotifications" name="test_notifications_include_treasury_type" time="0.142" /><testcase classname="backend.tests.test_dedupe_reconciliation.TestTreasuryNotifications" name="test_notification_dispatches_idempotent" time="0.232" /><testcase classname="backend.tests.test_dedupe_reconciliation.TestApproveSync" name="test_approve_sync_with_selection" time="0.343" /></testsuite></testsuites>