<?xml version="1.0" encoding="utf-8"?><testsuites name="pytest tests"><testsuite name="pytest" errors="0" failures="0" skipped="0" tests="9" time="0.633" timestamp="2026-07-25T17:34:33.704476+00:00" hostname="agent-env-861beb2b-96c5-4e28-8a67-fb8c05dd11a3"><testcase classname="backend.tests.test_caixa_obra_link.TestInvoiceLink" name="test_link_and_unlink_invoice" time="0.254" /><testcase classname="backend.tests.test_caixa_obra_link.TestInvoiceLink" name="test_link_invoice_invalid_work" time="0.008" /><testcase classname="backend.tests.test_caixa_obra_link.TestInvoiceLink" name="test_link_invoice_invalid_id" time="0.002" /><testcase classname="backend.tests.test_caixa_obra_link.TestInvoiceLink" name="test_link_invoice_forbidden_for_tech" time="0.232" /><testcase classname="backend.tests.test_caixa_obra_link.TestExpenseLink" name="test_link_and_unlink_expense" time="0.015" /><testcase classname="backend.tests.test_caixa_obra_link.TestExpenseLink" name="test_link_expense_invalid_work" time="0.009" /><testcase classname="backend.tests.test_caixa_obra_link.TestExpenseLink" name="test_link_expense_invalid_id" time="0.003" /><testcase classname="backend.tests.test_caixa_obra_link.TestExpenseLink" name="test_link_expense_forbidden_for_tech" time="0.006" /><testcase classname="backend.tests.test_caixa_obra_link.TestMoveBetweenWorks" name="test_move_invoice_across_works" time="0.018" /></testsuite></testsuites>