<?xml version="1.0" encoding="utf-8"?><testsuites name="pytest tests"><testsuite name="pytest" errors="0" failures="0" skipped="0" tests="6" time="4.232" timestamp="2026-08-05T00:39:17.987759+00:00" hostname="agent-env-b3a6baa4-bc56-43f8-8dd2-7b2815231e62"><testcase classname="backend.tests.test_new_features" name="test_public_service_order_creation_triggers_telegram" time="3.242" /><testcase classname="backend.tests.test_new_features" name="test_check_availability_returns_expected_shape" time="0.108" /><testcase classname="backend.tests.test_new_features" name="test_list_clients" time="0.436" /><testcase classname="backend.tests.test_new_features" name="test_client_profile_apec" time="0.114" /><testcase classname="backend.tests.test_new_features" name="test_client_profile_cliente_teste_vencida" time="0.114" /><testcase classname="backend.tests.test_new_features" name="test_client_profile_requires_auth" time="0.148" /></testsuite></testsuites>