<?xml version="1.0" encoding="utf-8"?><testsuites name="pytest tests"><testsuite name="pytest" errors="2" failures="3" skipped="0" tests="17" time="1.720" timestamp="2026-07-25T21:34:00.394053+00:00" hostname="agent-env-861beb2b-96c5-4e28-8a67-fb8c05dd11a3"><testcase classname="backend.tests.test_notifications.TestAdminNotifications" name="test_list_notifications_admin" time="0.233" /><testcase classname="backend.tests.test_notifications.TestAdminNotifications" name="test_invoice_scan_idempotent" time="0.008" /><testcase classname="backend.tests.test_notifications.TestAdminNotifications" name="test_unread_only_filter" time="0.004" /><testcase classname="backend.tests.test_notifications.TestAdminNotifications" name="test_mark_read_and_persist" time="0.010" /><testcase classname="backend.tests.test_notifications.TestAdminNotifications" name="test_mark_all_read" time="0.006" /><testcase classname="backend.tests.test_notifications.TestAdminNotifications" name="test_mark_read_404_for_bogus" time="0.002" /><testcase classname="backend.tests.test_notifications.TestAdminNotifications" name="test_delete_notification" time="0.010" /><testcase classname="backend.tests.test_notifications.TestAdminNotifications" name="test_delete_404_for_bogus" time="0.002" /><testcase classname="backend.tests.test_notifications.TestTechNotifications" name="test_list_tech" time="0.244" /><testcase classname="backend.tests.test_notifications.TestTechNotifications" name="test_no_delete_endpoint_on_tech" time="0.002" /><testcase classname="backend.tests.test_notifications.TestAppointmentHooks" name="test_create_appt_notifies_tech" time="0.018"><error message="failed on setup with &quot;AssertionError: Create appt falhou: 500 Internal Server Error&#10;assert 500 in (200, 201)&#10; +  where 500 = &lt;Response [500]&gt;.status_code&quot;">backend/tests/test_notifications.py:164: in created_appt
    assert r.status_code in (200, 201), f"Create appt falhou: {r.status_code} {r.text}"
E   AssertionError: Create appt falhou: 500 Internal Server Error
E   assert 500 in (200, 201)
E    +  where 500 = &lt;Response [500]&gt;.status_code</error></testcase><testcase classname="backend.tests.test_notifications.TestAppointmentHooks" name="test_update_appt_notifies_alterada" time="0.000"><error message="failed on setup with &quot;AssertionError: Create appt falhou: 500 Internal Server Error&#10;assert 500 in (200, 201)&#10; +  where 500 = &lt;Response [500]&gt;.status_code&quot;">backend/tests/test_notifications.py:164: in created_appt
    assert r.status_code in (200, 201), f"Create appt falhou: {r.status_code} {r.text}"
E   AssertionError: Create appt falhou: 500 Internal Server Error
E   assert 500 in (200, 201)
E    +  where 500 = &lt;Response [500]&gt;.status_code</error></testcase><testcase classname="backend.tests.test_notifications.TestAppointmentHooks" name="test_delete_appt_notifies_cancelada" time="0.004"><failure message="AssertionError: Internal Server Error&#10;assert 500 in (200, 201)&#10; +  where 500 = &lt;Response [500]&gt;.status_code">backend/tests/test_notifications.py:220: in test_delete_appt_notifies_cancelada
    assert rc.status_code in (200, 201), rc.text
E   AssertionError: Internal Server Error
E   assert 500 in (200, 201)
E    +  where 500 = &lt;Response [500]&gt;.status_code</failure></testcase><testcase classname="backend.tests.test_notifications.TestChatHooks" name="test_tech_message_notifies_admin" time="0.521"><failure message="AssertionError: Admin não recebeu notificação chat do tech&#10;assert 0 &gt; 0&#10; +  where 0 = len([])&#10; +  and   0 = len([])">backend/tests/test_notifications.py:245: in test_tech_message_notifies_admin
    assert len(after_chat) &gt; len(before_chat), "Admin não recebeu notificação chat do tech"
E   AssertionError: Admin não recebeu notificação chat do tech
E   assert 0 &gt; 0
E    +  where 0 = len([])
E    +  and   0 = len([])</failure></testcase><testcase classname="backend.tests.test_notifications.TestChatHooks" name="test_admin_message_notifies_tech" time="0.511" /><testcase classname="backend.tests.test_notifications.TestGuideHooks" name="test_create_guide_notifies_tech" time="0.005"><failure message="AssertionError: Create guide falhou: 422 {&quot;detail&quot;:[{&quot;type&quot;:&quot;missing&quot;,&quot;loc&quot;:[&quot;body&quot;,&quot;items&quot;,0,&quot;name&quot;],&quot;msg&quot;:&quot;Field required&quot;,&quot;input&quot;:{&quot;description&quot;:&quot;TEST_material&quot;,&quot;qty_planned&quot;:1,&quot;unit&quot;:&quot;un&quot;},&quot;url&quot;:&quot;https://errors.pydantic.dev/2.12/v/missing&quot;}]}&#10;assert 422 in (200, 201)&#10; +  where 422 = &lt;Response [422]&gt;.status_code">backend/tests/test_notifications.py:278: in test_create_guide_notifies_tech
    assert r.status_code in (200, 201), f"Create guide falhou: {r.status_code} {r.text}"
E   AssertionError: Create guide falhou: 422 {"detail":[{"type":"missing","loc":["body","items",0,"name"],"msg":"Field required","input":{"description":"TEST_material","qty_planned":1,"unit":"un"},"url":"https://errors.pydantic.dev/2.12/v/missing"}]}
E   assert 422 in (200, 201)
E    +  where 422 = &lt;Response [422]&gt;.status_code</failure></testcase><testcase classname="backend.tests.test_notifications.TestIsolation" name="test_tech_cant_read_admin_notif" time="0.006" /></testsuite></testsuites>