<?xml version="1.0" encoding="utf-8"?><testsuites name="pytest tests"><testsuite name="pytest" errors="0" failures="0" skipped="0" tests="6" time="17.244" timestamp="2026-07-25T20:54:44.455833+00:00" hostname="agent-env-861beb2b-96c5-4e28-8a67-fb8c05dd11a3"><testcase classname="backend.tests.test_proposal_import" name="test_reject_non_pdf" time="0.571" /><testcase classname="backend.tests.test_proposal_import" name="test_reject_empty_file" time="0.161" /><testcase classname="backend.tests.test_proposal_import" name="test_requires_auth" time="0.135" /><testcase classname="backend.tests.test_proposal_import" name="test_extract_structure" time="15.142" /><testcase classname="backend.tests.test_proposal_import" name="test_extract_values_plausible" time="0.000" /><testcase classname="backend.tests.test_proposal_import" name="test_e2e_create_budget_and_proposals" time="0.976" /></testsuite></testsuites>