<?xml version="1.0" encoding="utf-8"?><testsuites name="pytest tests"><testsuite name="pytest" errors="0" failures="0" skipped="0" tests="4" time="3.637" timestamp="2026-08-06T15:15:45.073220+00:00" hostname="agent-env-b3a6baa4-bc56-43f8-8dd2-7b2815231e62"><testcase classname="tests.test_tech_punch_telegram.TestPunchWithGPS" name="test_punch_in_with_gps_and_address" time="1.120" /><testcase classname="tests.test_tech_punch_telegram.TestPunchWithGPS" name="test_punch_out_calculates_total_hours" time="0.565" /><testcase classname="tests.test_tech_punch_telegram.TestPunchWithGPS" name="test_today_reflects_punches" time="0.254" /><testcase classname="tests.test_tech_punch_telegram.TestTelegramNotification" name="test_punch_triggers_telegram_side_effect" time="1.586" /></testsuite></testsuites>