<?xml version="1.0" encoding="utf-8"?><testsuites name="pytest tests"><testsuite name="pytest" errors="0" failures="0" skipped="1" tests="65" time="33.440" timestamp="2026-04-18T17:59:45.781237+00:00" hostname="agent-env-861beb2b-96c5-4e28-8a67-fb8c05dd11a3"><testcase classname="backend.tests.test_discount_payment_features.TestBudgetDiscountCalculation" name="test_budget_with_per_item_value_discount" time="0.453" /><testcase classname="backend.tests.test_discount_payment_features.TestBudgetDiscountCalculation" name="test_budget_with_per_item_percentage_discount" time="0.427" /><testcase classname="backend.tests.test_discount_payment_features.TestBudgetDiscountCalculation" name="test_budget_with_global_percentage_discount" time="0.465" /><testcase classname="backend.tests.test_discount_payment_features.TestBudgetDiscountCalculation" name="test_budget_with_global_value_discount" time="0.435" /><testcase classname="backend.tests.test_discount_payment_features.TestBudgetDiscountCalculation" name="test_budget_combined_item_and_global_discount" time="0.431" /><testcase classname="backend.tests.test_discount_payment_features.TestBudgetPaymentFields" name="test_budget_with_all_payment_fields" time="0.528" /><testcase classname="backend.tests.test_discount_payment_features.TestBudgetPaymentFields" name="test_budget_update_payment_fields" time="0.522" /><testcase classname="backend.tests.test_discount_payment_features.TestBudgetUpdateWithDiscount" name="test_update_budget_items_recalculates_total" time="0.483" /><testcase classname="backend.tests.test_discount_payment_features.TestBudgetUpdateWithDiscount" name="test_update_discount_recalculates_total" time="0.533" /><testcase classname="backend.tests.test_discount_payment_features.TestProposalPaymentPropagation" name="test_proposals_inherit_payment_fields" time="0.713" /><testcase classname="backend.tests.test_discount_payment_features.TestProposalPaymentPropagation" name="test_proposals_have_correct_final_values" time="0.720" /><testcase classname="backend.tests.test_discount_payment_features.TestBudgetItemDiscountFields" name="test_item_discount_fields_stored" time="0.439" /><testcase classname="backend.tests.test_excel_import_p0.TestExcelImportP0" name="test_import_excel_no_header_row" time="1.542" /><testcase classname="backend.tests.test_excel_import_p0.TestExcelImportP0" name="test_import_real_user_file" time="0.360"><skipped type="pytest.skip" message="User's test file /tmp/mapa.xlsx not found">/app/backend/tests/test_excel_import_p0.py:103: User's test file /tmp/mapa.xlsx not found</skipped></testcase><testcase classname="backend.tests.test_excel_import_p0.TestExcelImportP0" name="test_import_excel_with_header_row" time="0.457" /><testcase classname="backend.tests.test_excel_import_p0.TestCategories" name="test_get_categories" time="0.380" /><testcase classname="backend.tests.test_excel_import_p0.TestCategories" name="test_save_custom_item" time="0.400" /><testcase classname="backend.tests.test_excel_import_p0.TestPriceLookup" name="test_price_lookup_basic" time="2.740" /><testcase classname="backend.tests.test_excel_import_p0.TestPriceLookup" name="test_price_lookup_cable" time="2.280" /><testcase classname="backend.tests.test_excel_import_p0.TestMaterialsDB" name="test_get_materials" time="0.399" /><testcase classname="backend.tests.test_excel_import_p0.TestMaterialsDB" name="test_materials_crud" time="0.485" /><testcase classname="backend.tests.test_excel_import_p0.TestLaborDB" name="test_get_labor" time="0.412" /><testcase classname="backend.tests.test_excel_import_p0.TestLaborDB" name="test_labor_crud" time="0.518" /><testcase classname="backend.tests.test_excel_import_p0.TestSystemSettings" name="test_get_system_settings" time="0.384" /><testcase classname="backend.tests.test_excel_import_p0.TestProposalSettings" name="test_get_proposal_settings" time="0.393" /><testcase classname="backend.tests.test_obelisco_api.TestAuth" name="test_login_success" time="0.336" /><testcase classname="backend.tests.test_obelisco_api.TestAuth" name="test_login_invalid_credentials" time="0.399" /><testcase classname="backend.tests.test_obelisco_api.TestAuth" name="test_login_invalid_email" time="0.111" /><testcase classname="backend.tests.test_obelisco_api.TestAuth" name="test_auth_me_without_token" time="0.136" /><testcase classname="backend.tests.test_obelisco_api.TestAuth" name="test_logout" time="0.405" /><testcase classname="backend.tests.test_obelisco_api.TestBudgets" name="test_get_budgets_unauthorized" time="0.124" /><testcase classname="backend.tests.test_obelisco_api.TestBudgets" name="test_create_budget" time="0.446" /><testcase classname="backend.tests.test_obelisco_api.TestBudgets" name="test_get_budgets" time="0.398" /><testcase classname="backend.tests.test_obelisco_api.TestBudgets" name="test_budget_crud_flow" time="0.634" /><testcase classname="backend.tests.test_obelisco_api.TestProposals" name="test_generate_proposals_from_budget" time="0.624" /><testcase classname="backend.tests.test_obelisco_api.TestProposals" name="test_get_proposals" time="0.449" /><testcase classname="backend.tests.test_obelisco_api.TestProposals" name="test_update_proposal_status" time="0.813" /><testcase classname="backend.tests.test_obelisco_api.TestWorks" name="test_create_work" time="0.469" /><testcase classname="backend.tests.test_obelisco_api.TestWorks" name="test_work_crud_flow" time="0.624" /><testcase classname="backend.tests.test_obelisco_api.TestWorks" name="test_create_work_from_proposal" time="0.769" /><testcase classname="backend.tests.test_obelisco_api.TestAppointments" name="test_create_appointment" time="0.458" /><testcase classname="backend.tests.test_obelisco_api.TestAppointments" name="test_duplicate_appointment_prevention" time="0.565" /><testcase classname="backend.tests.test_obelisco_api.TestAppointments" name="test_get_appointments" time="0.413" /><testcase classname="backend.tests.test_obelisco_api.TestAppointments" name="test_appointment_crud_flow" time="0.496" /><testcase classname="backend.tests.test_obelisco_api.TestDashboard" name="test_get_dashboard_stats" time="0.405" /><testcase classname="backend.tests.test_obelisco_api.TestDashboard" name="test_dashboard_stats_unauthorized" time="0.119" /><testcase classname="backend.tests.test_payroll_module.TestPayrollSettings" name="test_get_default_settings" time="0.386" /><testcase classname="backend.tests.test_payroll_module.TestPayrollSettings" name="test_update_settings" time="0.176" /><testcase classname="backend.tests.test_payroll_module.TestPayrollEmployees" name="test_create_employee" time="0.098" /><testcase classname="backend.tests.test_payroll_module.TestPayrollEmployees" name="test_list_employees" time="0.159" /><testcase classname="backend.tests.test_payroll_module.TestPayrollEmployees" name="test_update_employee" time="0.199" /><testcase classname="backend.tests.test_payroll_module.TestPayrollEmployees" name="test_delete_employee" time="0.151" /><testcase classname="backend.tests.test_payroll_module.TestPayrollAttendance" name="test_create_attendance_normal" time="0.205" /><testcase classname="backend.tests.test_payroll_module.TestPayrollAttendance" name="test_create_attendance_various_types" time="0.787" /><testcase classname="backend.tests.test_payroll_module.TestPayrollAttendance" name="test_list_attendance_by_employee_and_month" time="0.442" /><testcase classname="backend.tests.test_payroll_module.TestPayrollAttendance" name="test_prevent_duplicate_date" time="0.246" /><testcase classname="backend.tests.test_payroll_module.TestPayrollRuns" name="test_create_run_basic_calculation" time="1.368" /><testcase classname="backend.tests.test_payroll_module.TestPayrollRuns" name="test_create_run_with_overtime" time="0.542" /><testcase classname="backend.tests.test_payroll_module.TestPayrollRuns" name="test_prevent_duplicate_run" time="0.358" /><testcase classname="backend.tests.test_payroll_module.TestPayrollRuns" name="test_update_item_premio_recalculates" time="0.355" /><testcase classname="backend.tests.test_payroll_module.TestPayrollRuns" name="test_close_run_prevents_edit" time="0.475" /><testcase classname="backend.tests.test_payroll_module.TestPayrollRuns" name="test_reopen_run" time="0.460" /><testcase classname="backend.tests.test_payroll_module.TestPayrollRuns" name="test_delete_run_fails_if_closed" time="0.413" /><testcase classname="backend.tests.test_payroll_module.TestPayrollRuns" name="test_delete_run_works_if_open" time="0.310" /><testcase classname="backend.tests.test_payroll_module.TestPayrollSummary" name="test_get_summary" time="0.068" /></testsuite></testsuites>