<?xml version="1.0" encoding="utf-8"?><testsuites name="pytest tests"><testsuite name="pytest" errors="0" failures="0" skipped="0" tests="16" time="3.330" timestamp="2026-05-30T19:32:40.144265+00:00" hostname="agent-env-861beb2b-96c5-4e28-8a67-fb8c05dd11a3"><testcase classname="backend.tests.test_stock_invoice_import.TestExtractEndpointValidation" name="test_extract_no_file_returns_422" time="0.472" /><testcase classname="backend.tests.test_stock_invoice_import.TestExtractEndpointValidation" name="test_extract_invalid_format_returns_400" time="0.103" /><testcase classname="backend.tests.test_stock_invoice_import.TestExtractEndpointValidation" name="test_extract_invalid_extension_returns_400" time="0.140" /><testcase classname="backend.tests.test_stock_invoice_import.TestApplyEndpointValidation" name="test_apply_empty_lines_returns_400" time="0.058" /><testcase classname="backend.tests.test_stock_invoice_import.TestApplyActionCreate" name="test_create_new_material" time="0.265" /><testcase classname="backend.tests.test_stock_invoice_import.TestApplyActionUpdateStockOnly" name="test_update_stock_only_sums_quantity" time="0.243" /><testcase classname="backend.tests.test_stock_invoice_import.TestApplyActionUpdateStockOnly" name="test_update_stock_only_preserves_existing_supplier" time="0.235" /><testcase classname="backend.tests.test_stock_invoice_import.TestApplyActionUpdateStockAndPrice" name="test_update_stock_and_price" time="0.256" /><testcase classname="backend.tests.test_stock_invoice_import.TestApplyActionUpdateStockAndPrice" name="test_update_populates_empty_supplier" time="0.358" /><testcase classname="backend.tests.test_stock_invoice_import.TestApplyActionSkip" name="test_skip_ignores_line" time="0.114" /><testcase classname="backend.tests.test_stock_invoice_import.TestApplySummaryResponse" name="test_summary_has_all_counts" time="0.145" /><testcase classname="backend.tests.test_stock_invoice_import.TestMixedActions" name="test_mixed_actions_in_single_request" time="0.594" /><testcase classname="backend.tests.test_stock_invoice_import.TestEdgeCases" name="test_update_nonexistent_material_skipped" time="0.060" /><testcase classname="backend.tests.test_stock_invoice_import.TestEdgeCases" name="test_zero_quantity_skipped" time="0.062" /><testcase classname="backend.tests.test_stock_invoice_import.TestEdgeCases" name="test_update_without_material_id_skipped" time="0.061" /><testcase classname="backend.tests.test_stock_invoice_import.TestCleanup" name="test_cleanup_test_materials" time="0.059" /></testsuite></testsuites>