<?xml version="1.0" encoding="utf-8"?><testsuites name="pytest tests"><testsuite name="pytest" errors="0" failures="0" skipped="0" tests="18" time="7.689" timestamp="2026-05-20T21:30:13.208015+00:00" hostname="agent-env-861beb2b-96c5-4e28-8a67-fb8c05dd11a3"><testcase classname="backend.tests.test_annual_reports_module.TestAnnualReportsEndpoint" name="test_annual_report_basic_structure" time="0.457" /><testcase classname="backend.tests.test_annual_reports_module.TestAnnualReportsEndpoint" name="test_annual_report_kpis_structure" time="0.437" /><testcase classname="backend.tests.test_annual_reports_module.TestAnnualReportsEndpoint" name="test_annual_report_kpis_values_correct" time="0.428" /><testcase classname="backend.tests.test_annual_reports_module.TestAnnualReportsEndpoint" name="test_annual_report_monthly_has_12_entries" time="0.429" /><testcase classname="backend.tests.test_annual_reports_module.TestAnnualReportsEndpoint" name="test_annual_report_monthly_structure" time="0.409" /><testcase classname="backend.tests.test_annual_reports_module.TestAnnualReportsEndpoint" name="test_annual_report_monthly_accumulated_grows" time="0.382" /><testcase classname="backend.tests.test_annual_reports_module.TestAnnualReportsEndpoint" name="test_annual_report_client_filter" time="0.412" /><testcase classname="backend.tests.test_annual_reports_module.TestAnnualReportsEndpoint" name="test_annual_report_category_filter" time="0.415" /><testcase classname="backend.tests.test_annual_reports_module.TestAnnualReportsEndpoint" name="test_annual_report_categories_expense_sorted_desc" time="0.431" /><testcase classname="backend.tests.test_annual_reports_module.TestAnnualReportsEndpoint" name="test_annual_report_categories_expense_pct_correct" time="0.390" /><testcase classname="backend.tests.test_annual_reports_module.TestAnnualReportsEndpoint" name="test_annual_report_clients_revenue_sorted_desc" time="0.410" /><testcase classname="backend.tests.test_annual_reports_module.TestAnnualReportsEndpoint" name="test_annual_report_clients_revenue_pct_correct" time="0.421" /><testcase classname="backend.tests.test_annual_reports_module.TestAnnualReportsEndpoint" name="test_annual_report_pending_total_all_years" time="0.408" /><testcase classname="backend.tests.test_annual_reports_module.TestAnnualReportsEndpoint" name="test_annual_report_invoices_structure" time="0.505" /><testcase classname="backend.tests.test_annual_reports_module.TestAnnualReportsEndpoint" name="test_annual_report_expenses_structure" time="0.384" /><testcase classname="backend.tests.test_annual_reports_module.TestAnnualReportsEndpoint" name="test_annual_report_works_structure" time="0.432" /><testcase classname="backend.tests.test_annual_reports_module.TestAnnualReportsEndpoint" name="test_annual_report_payroll_structure" time="0.386" /><testcase classname="backend.tests.test_annual_reports_module.TestAnnualReportsEndpoint" name="test_annual_report_unauthorized" time="0.481" /></testsuite></testsuites>