<?xml version="1.0" encoding="utf-8"?><testsuites name="pytest tests"><testsuite name="pytest" errors="0" failures="0" skipped="1" tests="169" time="158.282" timestamp="2026-05-20T20:56:39.158974+00:00" hostname="agent-env-861beb2b-96c5-4e28-8a67-fb8c05dd11a3"><testcase classname="backend.tests.test_discount_payment_features.TestBudgetDiscountCalculation" name="test_budget_with_per_item_value_discount" time="0.601" /><testcase classname="backend.tests.test_discount_payment_features.TestBudgetDiscountCalculation" name="test_budget_with_per_item_percentage_discount" time="0.529" /><testcase classname="backend.tests.test_discount_payment_features.TestBudgetDiscountCalculation" name="test_budget_with_global_percentage_discount" time="0.476" /><testcase classname="backend.tests.test_discount_payment_features.TestBudgetDiscountCalculation" name="test_budget_with_global_value_discount" time="0.492" /><testcase classname="backend.tests.test_discount_payment_features.TestBudgetDiscountCalculation" name="test_budget_combined_item_and_global_discount" time="0.451" /><testcase classname="backend.tests.test_discount_payment_features.TestBudgetPaymentFields" name="test_budget_with_all_payment_fields" time="0.500" /><testcase classname="backend.tests.test_discount_payment_features.TestBudgetPaymentFields" name="test_budget_update_payment_fields" time="0.584" /><testcase classname="backend.tests.test_discount_payment_features.TestBudgetUpdateWithDiscount" name="test_update_budget_items_recalculates_total" time="0.656" /><testcase classname="backend.tests.test_discount_payment_features.TestBudgetUpdateWithDiscount" name="test_update_discount_recalculates_total" time="0.582" /><testcase classname="backend.tests.test_discount_payment_features.TestProposalPaymentPropagation" name="test_proposals_inherit_payment_fields" time="0.752" /><testcase classname="backend.tests.test_discount_payment_features.TestProposalPaymentPropagation" name="test_proposals_have_correct_final_values" time="0.685" /><testcase classname="backend.tests.test_discount_payment_features.TestBudgetItemDiscountFields" name="test_item_discount_fields_stored" time="0.443" /><testcase classname="backend.tests.test_excel_import_p0.TestExcelImportP0" name="test_import_excel_no_header_row" time="1.043" /><testcase classname="backend.tests.test_excel_import_p0.TestExcelImportP0" name="test_import_real_user_file" time="0.355"><skipped type="pytest.skip" message="User's test file /tmp/mapa.xlsx not found">/app/backend/tests/test_excel_import_p0.py:103: User's test file /tmp/mapa.xlsx not found</skipped></testcase><testcase classname="backend.tests.test_excel_import_p0.TestExcelImportP0" name="test_import_excel_with_header_row" time="0.447" /><testcase classname="backend.tests.test_excel_import_p0.TestCategories" name="test_get_categories" time="0.433" /><testcase classname="backend.tests.test_excel_import_p0.TestCategories" name="test_save_custom_item" time="0.431" /><testcase classname="backend.tests.test_excel_import_p0.TestPriceLookup" name="test_price_lookup_basic" time="2.885" /><testcase classname="backend.tests.test_excel_import_p0.TestPriceLookup" name="test_price_lookup_cable" time="2.740" /><testcase classname="backend.tests.test_excel_import_p0.TestMaterialsDB" name="test_get_materials" time="0.424" /><testcase classname="backend.tests.test_excel_import_p0.TestMaterialsDB" name="test_materials_crud" time="0.576" /><testcase classname="backend.tests.test_excel_import_p0.TestLaborDB" name="test_get_labor" time="0.437" /><testcase classname="backend.tests.test_excel_import_p0.TestLaborDB" name="test_labor_crud" time="0.496" /><testcase classname="backend.tests.test_excel_import_p0.TestSystemSettings" name="test_get_system_settings" time="0.404" /><testcase classname="backend.tests.test_excel_import_p0.TestProposalSettings" name="test_get_proposal_settings" time="0.467" /><testcase classname="backend.tests.test_expenses_module.TestExpensesCategories" name="test_categories_requires_auth" time="0.145" /><testcase classname="backend.tests.test_expenses_module.TestExpensesCategories" name="test_categories_returns_13_items" time="0.448" /><testcase classname="backend.tests.test_expenses_module.TestExpensesCategories" name="test_categories_contains_expected_values" time="0.382" /><testcase classname="backend.tests.test_expenses_module.TestExpensesCRUD" name="test_create_expense_manual" time="0.384" /><testcase classname="backend.tests.test_expenses_module.TestExpensesCRUD" name="test_create_expense_auto_compute_gross" time="0.433" /><testcase classname="backend.tests.test_expenses_module.TestExpensesCRUD" name="test_create_expense_obra_type" time="0.441" /><testcase classname="backend.tests.test_expenses_module.TestExpensesCRUD" name="test_list_expenses_no_filter" time="0.387" /><testcase classname="backend.tests.test_expenses_module.TestExpensesCRUD" name="test_list_expenses_filter_year" time="0.428" /><testcase classname="backend.tests.test_expenses_module.TestExpensesCRUD" name="test_list_expenses_filter_month_year" time="0.477" /><testcase classname="backend.tests.test_expenses_module.TestExpensesCRUD" name="test_list_expenses_filter_category" time="0.433" /><testcase classname="backend.tests.test_expenses_module.TestExpensesCRUD" name="test_list_expenses_filter_type" time="0.470" /><testcase classname="backend.tests.test_expenses_module.TestExpensesCRUD" name="test_get_single_expense" time="0.524" /><testcase classname="backend.tests.test_expenses_module.TestExpensesCRUD" name="test_get_nonexistent_expense" time="0.467" /><testcase classname="backend.tests.test_expenses_module.TestExpensesCRUD" name="test_update_expense" time="0.538" /><testcase classname="backend.tests.test_expenses_module.TestExpensesCRUD" name="test_update_nonexistent_expense" time="0.406" /><testcase classname="backend.tests.test_expenses_module.TestExpensesCRUD" name="test_delete_expense" time="0.479" /><testcase classname="backend.tests.test_expenses_module.TestExpensesCRUD" name="test_delete_nonexistent_expense" time="0.438" /><testcase classname="backend.tests.test_expenses_module.TestExpensesSummary" name="test_summary_requires_auth" time="0.129" /><testcase classname="backend.tests.test_expenses_module.TestExpensesSummary" name="test_summary_returns_structure" time="0.418" /><testcase classname="backend.tests.test_expenses_module.TestExpensesSummary" name="test_summary_aggregates_correctly" time="0.704" /><testcase classname="backend.tests.test_expenses_module.TestExpensesExtract" name="test_extract_requires_auth" time="0.117" /><testcase classname="backend.tests.test_expenses_module.TestExpensesExtract" name="test_extract_rejects_unsupported_format" time="0.493" /><testcase classname="backend.tests.test_expenses_module.TestExpensesExtract" name="test_extract_rejects_doc_format" time="0.463" /><testcase classname="backend.tests.test_expenses_module.TestExpensesExtract" name="test_extract_accepts_pdf_returns_structure" time="5.769" /><testcase classname="backend.tests.test_expenses_module.TestExpensesExtract" name="test_extract_accepts_jpg" time="5.206" /><testcase classname="backend.tests.test_expenses_module.TestExpensesExtract" name="test_extract_accepts_png" time="5.671" /><testcase classname="backend.tests.test_expenses_module.TestExpensesFileServing" name="test_file_requires_auth" time="0.128" /><testcase classname="backend.tests.test_expenses_module.TestExpensesFileServing" name="test_file_nonexistent_returns_404" time="0.435" /><testcase classname="backend.tests.test_expenses_module.TestExpensesRegression" name="test_budgets_still_work" time="0.440" /><testcase classname="backend.tests.test_expenses_module.TestExpensesRegression" name="test_proposals_still_work" time="0.444" /><testcase classname="backend.tests.test_expenses_module.TestExpensesRegression" name="test_works_still_work" time="0.405" /><testcase classname="backend.tests.test_expenses_module.TestExpensesRegression" name="test_payroll_summary_still_works" time="1.281" /><testcase classname="backend.tests.test_obelisco_api.TestAuth" name="test_login_success" time="0.345" /><testcase classname="backend.tests.test_obelisco_api.TestAuth" name="test_login_invalid_credentials" time="0.332" /><testcase classname="backend.tests.test_obelisco_api.TestAuth" name="test_login_invalid_email" time="0.136" /><testcase classname="backend.tests.test_obelisco_api.TestAuth" name="test_auth_me_without_token" time="0.132" /><testcase classname="backend.tests.test_obelisco_api.TestAuth" name="test_logout" time="0.422" /><testcase classname="backend.tests.test_obelisco_api.TestBudgets" name="test_get_budgets_unauthorized" time="0.108" /><testcase classname="backend.tests.test_obelisco_api.TestBudgets" name="test_create_budget" time="0.465" /><testcase classname="backend.tests.test_obelisco_api.TestBudgets" name="test_get_budgets" time="0.440" /><testcase classname="backend.tests.test_obelisco_api.TestBudgets" name="test_budget_crud_flow" time="0.592" /><testcase classname="backend.tests.test_obelisco_api.TestProposals" name="test_generate_proposals_from_budget" time="0.728" /><testcase classname="backend.tests.test_obelisco_api.TestProposals" name="test_get_proposals" time="0.422" /><testcase classname="backend.tests.test_obelisco_api.TestProposals" name="test_update_proposal_status" time="0.962" /><testcase classname="backend.tests.test_obelisco_api.TestWorks" name="test_create_work" time="0.426" /><testcase classname="backend.tests.test_obelisco_api.TestWorks" name="test_work_crud_flow" time="0.662" /><testcase classname="backend.tests.test_obelisco_api.TestWorks" name="test_create_work_from_proposal" time="0.928" /><testcase classname="backend.tests.test_obelisco_api.TestAppointments" name="test_create_appointment" time="0.521" /><testcase classname="backend.tests.test_obelisco_api.TestAppointments" name="test_duplicate_appointment_prevention" time="68.634" /><testcase classname="backend.tests.test_obelisco_api.TestAppointments" name="test_get_appointments" time="0.447" /><testcase classname="backend.tests.test_obelisco_api.TestAppointments" name="test_appointment_crud_flow" time="0.563" /><testcase classname="backend.tests.test_obelisco_api.TestDashboard" name="test_get_dashboard_stats" time="0.445" /><testcase classname="backend.tests.test_obelisco_api.TestDashboard" name="test_dashboard_stats_unauthorized" time="0.123" /><testcase classname="backend.tests.test_payroll_module.TestPayrollSettings" name="test_get_default_settings" time="0.434" /><testcase classname="backend.tests.test_payroll_module.TestPayrollSettings" name="test_update_settings" time="0.217" /><testcase classname="backend.tests.test_payroll_module.TestPayrollEmployees" name="test_create_employee" time="0.154" /><testcase classname="backend.tests.test_payroll_module.TestPayrollEmployees" name="test_list_employees" time="0.212" /><testcase classname="backend.tests.test_payroll_module.TestPayrollEmployees" name="test_update_employee" time="0.290" /><testcase classname="backend.tests.test_payroll_module.TestPayrollEmployees" name="test_delete_employee" time="0.210" /><testcase classname="backend.tests.test_payroll_module.TestPayrollAttendance" name="test_create_attendance_normal" time="0.286" /><testcase classname="backend.tests.test_payroll_module.TestPayrollAttendance" name="test_create_attendance_various_types" time="1.163" /><testcase classname="backend.tests.test_payroll_module.TestPayrollAttendance" name="test_list_attendance_by_employee_and_month" time="0.637" /><testcase classname="backend.tests.test_payroll_module.TestPayrollAttendance" name="test_prevent_duplicate_date" time="0.355" /><testcase classname="backend.tests.test_payroll_module.TestPayrollRuns" name="test_create_run_basic_calculation" time="2.013" /><testcase classname="backend.tests.test_payroll_module.TestPayrollRuns" name="test_create_run_with_overtime" time="0.703" /><testcase classname="backend.tests.test_payroll_module.TestPayrollRuns" name="test_prevent_duplicate_run" time="0.512" /><testcase classname="backend.tests.test_payroll_module.TestPayrollRuns" name="test_update_item_premio_recalculates" time="0.504" /><testcase classname="backend.tests.test_payroll_module.TestPayrollRuns" name="test_close_run_prevents_edit" time="0.651" /><testcase classname="backend.tests.test_payroll_module.TestPayrollRuns" name="test_reopen_run" time="0.686" /><testcase classname="backend.tests.test_payroll_module.TestPayrollRuns" name="test_delete_run_fails_if_closed" time="0.575" /><testcase classname="backend.tests.test_payroll_module.TestPayrollRuns" name="test_delete_run_works_if_open" time="0.436" /><testcase classname="backend.tests.test_payroll_module.TestPayrollSummary" name="test_get_summary" time="0.075" /><testcase classname="backend.tests.test_signature_feature.TestSignatureFeature" name="test_create_sign_link_requires_auth" time="0.951" /><testcase classname="backend.tests.test_signature_feature.TestSignatureFeature" name="test_create_sign_link_success" time="0.793" /><testcase classname="backend.tests.test_signature_feature.TestSignatureFeature" name="test_create_sign_link_idempotent" time="0.839" /><testcase classname="backend.tests.test_signature_feature.TestSignatureFeature" name="test_public_get_proposal_no_auth" time="1.041" /><testcase classname="backend.tests.test_signature_feature.TestSignatureFeature" name="test_public_get_proposal_excludes_sign_token" time="0.921" /><testcase classname="backend.tests.test_signature_feature.TestSignatureFeature" name="test_public_get_proposal_invalid_token" time="0.844" /><testcase classname="backend.tests.test_signature_feature.TestSignatureFeature" name="test_sign_proposal_invalid_signature_data" time="1.050" /><testcase classname="backend.tests.test_signature_feature.TestSignatureFeature" name="test_sign_proposal_short_name" time="0.931" /><testcase classname="backend.tests.test_signature_feature.TestSignatureFeature" name="test_sign_proposal_success" time="0.937" /><testcase classname="backend.tests.test_signature_feature.TestSignatureFeature" name="test_sign_proposal_re_sign_rejected" time="1.057" /><testcase classname="backend.tests.test_signature_feature.TestSignatureFeature" name="test_signed_proposal_data_persisted" time="0.871" /><testcase classname="backend.tests.test_signature_feature.TestRegressionExistingEndpoints" name="test_proposals_list" time="0.508" /><testcase classname="backend.tests.test_signature_feature.TestRegressionExistingEndpoints" name="test_budgets_list" time="0.441" /><testcase classname="backend.tests.test_signature_feature.TestRegressionExistingEndpoints" name="test_works_list" time="0.381" /><testcase classname="backend.tests.test_signature_feature.TestRegressionExistingEndpoints" name="test_payroll_summary" time="0.384" /><testcase classname="backend.tests.test_stock_invoices_module.TestMaterialsWithStock" name="test_create_material_with_stock" time="0.407" /><testcase classname="backend.tests.test_stock_invoices_module.TestMaterialsWithStock" name="test_get_material_has_stock_fields" time="0.075" /><testcase classname="backend.tests.test_stock_invoices_module.TestStockMovements" name="test_stock_entrada_movement" time="0.179" /><testcase classname="backend.tests.test_stock_invoices_module.TestStockMovements" name="test_stock_saida_movement" time="0.240" /><testcase classname="backend.tests.test_stock_invoices_module.TestStockMovements" name="test_stock_saida_insufficient_rejected" time="0.172" /><testcase classname="backend.tests.test_stock_invoices_module.TestStockMovements" name="test_stock_invalid_quantity_rejected" time="0.244" /><testcase classname="backend.tests.test_stock_invoices_module.TestStockMovements" name="test_stock_invalid_type_rejected" time="0.176" /><testcase classname="backend.tests.test_stock_invoices_module.TestStockMovements" name="test_stock_movement_creates_record" time="0.188" /><testcase classname="backend.tests.test_stock_invoices_module.TestStockMovementsList" name="test_list_movements" time="0.059" /><testcase classname="backend.tests.test_stock_invoices_module.TestStockMovementsList" name="test_list_movements_filter_by_material" time="0.244" /><testcase classname="backend.tests.test_stock_invoices_module.TestLowStock" name="test_low_stock_returns_materials" time="0.227" /><testcase classname="backend.tests.test_stock_invoices_module.TestLowStock" name="test_low_stock_excludes_zero_min" time="0.181" /><testcase classname="backend.tests.test_stock_invoices_module.TestInvoiceCreate" name="test_create_invoice_auto_number" time="0.130" /><testcase classname="backend.tests.test_stock_invoices_module.TestInvoiceCreate" name="test_create_invoice_manual_number" time="0.110" /><testcase classname="backend.tests.test_stock_invoices_module.TestInvoiceCreate" name="test_create_invoice_with_vat_calc" time="0.118" /><testcase classname="backend.tests.test_stock_invoices_module.TestInvoiceStatusComputation" name="test_status_pendente" time="0.119" /><testcase classname="backend.tests.test_stock_invoices_module.TestInvoiceStatusComputation" name="test_status_vencida" time="0.113" /><testcase classname="backend.tests.test_stock_invoices_module.TestInvoiceStatusComputation" name="test_status_paga" time="0.212" /><testcase classname="backend.tests.test_stock_invoices_module.TestInvoiceStatusComputation" name="test_status_parcial" time="0.161" /><testcase classname="backend.tests.test_stock_invoices_module.TestInvoiceStatusComputation" name="test_status_vencida_parcial" time="0.169" /><testcase classname="backend.tests.test_stock_invoices_module.TestInvoiceList" name="test_list_invoices" time="0.062" /><testcase classname="backend.tests.test_stock_invoices_module.TestInvoiceList" name="test_list_invoices_filter_status" time="0.057" /><testcase classname="backend.tests.test_stock_invoices_module.TestInvoiceList" name="test_list_invoices_filter_year" time="0.054" /><testcase classname="backend.tests.test_stock_invoices_module.TestInvoicePayments" name="test_add_payment" time="0.164" /><testcase classname="backend.tests.test_stock_invoices_module.TestInvoicePayments" name="test_add_multiple_payments" time="0.331" /><testcase classname="backend.tests.test_stock_invoices_module.TestInvoicePayments" name="test_payment_zero_rejected" time="0.175" /><testcase classname="backend.tests.test_stock_invoices_module.TestInvoicePayments" name="test_delete_payment" time="0.824" /><testcase classname="backend.tests.test_stock_invoices_module.TestInvoiceReminderLog" name="test_log_reminder" time="0.251" /><testcase classname="backend.tests.test_stock_invoices_module.TestInvoiceSummary" name="test_summary_structure" time="0.054" /><testcase classname="backend.tests.test_stock_invoices_module.TestInvoiceSummary" name="test_summary_aggregates_correctly" time="0.244" /><testcase classname="backend.tests.test_stock_invoices_module.TestInvoiceCRUD" name="test_get_single_invoice" time="0.167" /><testcase classname="backend.tests.test_stock_invoices_module.TestInvoiceCRUD" name="test_update_invoice" time="0.179" /><testcase classname="backend.tests.test_stock_invoices_module.TestInvoiceCRUD" name="test_delete_invoice" time="0.185" /><testcase classname="backend.tests.test_stock_invoices_module.TestInvoiceCRUD" name="test_get_nonexistent_invoice" time="0.055" /><testcase classname="backend.tests.test_stock_invoices_module.TestCleanup" name="test_cleanup_test_materials" time="0.170" /><testcase classname="backend.tests.test_stock_invoices_module.TestCleanup" name="test_cleanup_test_invoices" time="0.059" /><testcase classname="backend.tests.test_work_analysis_module.TestWorkAnalysisEndpoints" name="test_01_create_budget_for_work" time="0.500" /><testcase classname="backend.tests.test_work_analysis_module.TestWorkAnalysisEndpoints" name="test_02_create_work_with_budget" time="0.132" /><testcase classname="backend.tests.test_work_analysis_module.TestWorkAnalysisEndpoints" name="test_03_get_work_full_returns_structure" time="0.159" /><testcase classname="backend.tests.test_work_analysis_module.TestWorkAnalysisEndpoints" name="test_04_get_work_full_auto_syncs_items" time="0.158" /><testcase classname="backend.tests.test_work_analysis_module.TestWorkAnalysisEndpoints" name="test_05_kpis_structure_and_values" time="0.120" /><testcase classname="backend.tests.test_work_analysis_module.TestWorkAnalysisEndpoints" name="test_06_update_item_real_cost" time="0.143" /><testcase classname="backend.tests.test_work_analysis_module.TestWorkAnalysisEndpoints" name="test_07_history_recorded_on_cost_change" time="0.124" /><testcase classname="backend.tests.test_work_analysis_module.TestWorkAnalysisEndpoints" name="test_08_add_extra_item" time="0.148" /><testcase classname="backend.tests.test_work_analysis_module.TestWorkAnalysisEndpoints" name="test_09_kpis_updated_with_real_costs" time="0.140" /><testcase classname="backend.tests.test_work_analysis_module.TestWorkAnalysisEndpoints" name="test_10_create_expense_linked_to_work" time="0.116" /><testcase classname="backend.tests.test_work_analysis_module.TestWorkAnalysisEndpoints" name="test_11_expenses_appear_in_full_response" time="0.113" /><testcase classname="backend.tests.test_work_analysis_module.TestWorkAnalysisEndpoints" name="test_12_overrun_detection" time="0.375" /><testcase classname="backend.tests.test_work_analysis_module.TestWorkAnalysisEndpoints" name="test_13_sync_budget_preserves_real_costs" time="0.301" /><testcase classname="backend.tests.test_work_analysis_module.TestWorkAnalysisEndpoints" name="test_14_delete_extra_item" time="0.255" /><testcase classname="backend.tests.test_work_analysis_module.TestWorkAnalysisEndpoints" name="test_15_work_without_budget_no_sync" time="0.382" /><testcase classname="backend.tests.test_work_analysis_module.TestWorkAnalysisEndpoints" name="test_99_cleanup" time="0.399" /><testcase classname="backend.tests.test_work_analysis_module.TestWorkCRUDRegression" name="test_01_create_work" time="0.109" /><testcase classname="backend.tests.test_work_analysis_module.TestWorkCRUDRegression" name="test_02_get_work" time="0.145" /><testcase classname="backend.tests.test_work_analysis_module.TestWorkCRUDRegression" name="test_03_update_work" time="0.136" /><testcase classname="backend.tests.test_work_analysis_module.TestWorkCRUDRegression" name="test_04_list_works" time="0.130" /><testcase classname="backend.tests.test_work_analysis_module.TestWorkCRUDRegression" name="test_05_delete_work" time="0.232" /></testsuite></testsuites>