<?xml version="1.0" encoding="utf-8"?><testsuites name="pytest tests"><testsuite name="pytest" errors="0" failures="0" skipped="0" tests="24" time="11.606" timestamp="2026-05-21T11:52:54.731677+00:00" hostname="agent-env-861beb2b-96c5-4e28-8a67-fb8c05dd11a3"><testcase classname="backend.tests.test_transport_guides.TestSetup" name="test_admin_login" time="0.448" /><testcase classname="backend.tests.test_transport_guides.TestEmployeePasswordManagement" name="test_set_password_success" time="0.794" /><testcase classname="backend.tests.test_transport_guides.TestEmployeePasswordManagement" name="test_set_password_too_short" time="0.109" /><testcase classname="backend.tests.test_transport_guides.TestEmployeePasswordManagement" name="test_set_password_employee_without_email" time="0.344" /><testcase classname="backend.tests.test_transport_guides.TestEmployeePasswordManagement" name="test_set_password_nonexistent_employee" time="0.098" /><testcase classname="backend.tests.test_transport_guides.TestTechAuth" name="test_tech_login_success" time="1.196" /><testcase classname="backend.tests.test_transport_guides.TestTechAuth" name="test_tech_login_wrong_password" time="0.340" /><testcase classname="backend.tests.test_transport_guides.TestTechAuth" name="test_tech_login_nonexistent_email" time="0.107" /><testcase classname="backend.tests.test_transport_guides.TestTechAuth" name="test_tech_login_inactive_employee" time="0.661" /><testcase classname="backend.tests.test_transport_guides.TestTechAuth" name="test_tech_me_endpoint" time="0.424" /><testcase classname="backend.tests.test_transport_guides.TestTransportGuidesCRUD" name="test_create_guide_success" time="0.683" /><testcase classname="backend.tests.test_transport_guides.TestTransportGuidesCRUD" name="test_create_guide_requires_items" time="0.103" /><testcase classname="backend.tests.test_transport_guides.TestTransportGuidesCRUD" name="test_list_guides_with_filters" time="0.543" /><testcase classname="backend.tests.test_transport_guides.TestTransportGuidesCRUD" name="test_update_guide" time="0.350" /><testcase classname="backend.tests.test_transport_guides.TestTransportGuidesCRUD" name="test_update_blocked_if_received" time="0.000" /><testcase classname="backend.tests.test_transport_guides.TestTransportGuidesCRUD" name="test_delete_guide_draft_only" time="0.269" /><testcase classname="backend.tests.test_transport_guides.TestGuideEmit" name="test_emit_guide_success" time="0.779" /><testcase classname="backend.tests.test_transport_guides.TestGuideEmit" name="test_emit_requires_assigned_employee" time="0.322" /><testcase classname="backend.tests.test_transport_guides.TestTechEndpoints" name="test_tech_list_my_guides" time="1.467" /><testcase classname="backend.tests.test_transport_guides.TestTechEndpoints" name="test_tech_get_guide_not_assigned" time="0.540" /><testcase classname="backend.tests.test_transport_guides.TestTechEndpoints" name="test_tech_receive_guide" time="0.337" /><testcase classname="backend.tests.test_transport_guides.TestTechEndpoints" name="test_tech_receive_already_received" time="0.470" /><testcase classname="backend.tests.test_transport_guides.TestWorkMaterialsHelper" name="test_get_work_materials" time="0.882" /><testcase classname="backend.tests.test_transport_guides.TestWorkMaterialsHelper" name="test_work_materials_404_nonexistent" time="0.114" /></testsuite></testsuites>