<?xml version="1.0" encoding="utf-8"?><testsuites name="pytest tests"><testsuite name="pytest" errors="0" failures="0" skipped="0" tests="3" time="16.597" timestamp="2026-07-21T20:05:21.656934+00:00" hostname="agent-env-861beb2b-96c5-4e28-8a67-fb8c05dd11a3"><testcase classname="backend.tests.test_contabilista" name="test_chat_without_auth_returns_401" time="0.331" /><testcase classname="backend.tests.test_contabilista" name="test_chat_returns_response" time="14.803" /><testcase classname="backend.tests.test_contabilista" name="test_get_history" time="1.274" /></testsuite></testsuites>