<?xml version="1.0" encoding="utf-8"?><testsuites name="pytest tests"><testsuite name="pytest" errors="0" failures="0" skipped="0" tests="6" time="2.445" timestamp="2026-07-21T14:46:41.728653+00:00" hostname="agent-env-861beb2b-96c5-4e28-8a67-fb8c05dd11a3"><testcase classname="backend.tests.test_breakeven.TestBreakevenPrefill" name="test_requires_auth" time="0.169" /><testcase classname="backend.tests.test_breakeven.TestBreakevenPrefill" name="test_prefill_returns_200" time="0.472" /><testcase classname="backend.tests.test_breakeven.TestBreakevenPrefill" name="test_prefill_values_numeric_non_negative" time="0.139" /><testcase classname="backend.tests.test_breakeven.TestBreakevenPrefill" name="test_reference_months_is_list_of_three" time="1.216" /><testcase classname="backend.tests.test_breakeven.TestBreakevenPrefill" name="test_working_days_in_valid_range" time="0.136" /><testcase classname="backend.tests.test_breakeven.TestInvoiceOCRRegression" name="test_invoices_extract_endpoint_available" time="0.108" /></testsuite></testsuites>