<?xml version="1.0" encoding="utf-8"?><testsuites name="pytest tests"><testsuite name="pytest" errors="0" failures="0" skipped="1" tests="148" time="115.724" timestamp="2026-04-19T18:34:37.538575+00:00" hostname="agent-env-861beb2b-96c5-4e28-8a67-fb8c05dd11a3"><testcase classname="backend.tests.test_discount_payment_features.TestBudgetDiscountCalculation" name="test_budget_with_per_item_value_discount" time="0.449" /><testcase classname="backend.tests.test_discount_payment_features.TestBudgetDiscountCalculation" name="test_budget_with_per_item_percentage_discount" time="0.480" /><testcase classname="backend.tests.test_discount_payment_features.TestBudgetDiscountCalculation" name="test_budget_with_global_percentage_discount" time="0.433" /><testcase classname="backend.tests.test_discount_payment_features.TestBudgetDiscountCalculation" name="test_budget_with_global_value_discount" time="0.440" /><testcase classname="backend.tests.test_discount_payment_features.TestBudgetDiscountCalculation" name="test_budget_combined_item_and_global_discount" time="0.474" /><testcase classname="backend.tests.test_discount_payment_features.TestBudgetPaymentFields" name="test_budget_with_all_payment_fields" time="0.424" /><testcase classname="backend.tests.test_discount_payment_features.TestBudgetPaymentFields" name="test_budget_update_payment_fields" time="0.485" /><testcase classname="backend.tests.test_discount_payment_features.TestBudgetUpdateWithDiscount" name="test_update_budget_items_recalculates_total" time="0.477" /><testcase classname="backend.tests.test_discount_payment_features.TestBudgetUpdateWithDiscount" name="test_update_discount_recalculates_total" time="0.485" /><testcase classname="backend.tests.test_discount_payment_features.TestProposalPaymentPropagation" name="test_proposals_inherit_payment_fields" time="0.693" /><testcase classname="backend.tests.test_discount_payment_features.TestProposalPaymentPropagation" name="test_proposals_have_correct_final_values" time="0.615" /><testcase classname="backend.tests.test_discount_payment_features.TestBudgetItemDiscountFields" name="test_item_discount_fields_stored" time="0.434" /><testcase classname="backend.tests.test_excel_import_p0.TestExcelImportP0" name="test_import_excel_no_header_row" time="0.944" /><testcase classname="backend.tests.test_excel_import_p0.TestExcelImportP0" name="test_import_real_user_file" time="0.346"><skipped type="pytest.skip" message="User's test file /tmp/mapa.xlsx not found">/app/backend/tests/test_excel_import_p0.py:103: User's test file /tmp/mapa.xlsx not found</skipped></testcase><testcase classname="backend.tests.test_excel_import_p0.TestExcelImportP0" name="test_import_excel_with_header_row" time="0.500" /><testcase classname="backend.tests.test_excel_import_p0.TestCategories" name="test_get_categories" time="0.373" /><testcase classname="backend.tests.test_excel_import_p0.TestCategories" name="test_save_custom_item" time="0.412" /><testcase classname="backend.tests.test_excel_import_p0.TestPriceLookup" name="test_price_lookup_basic" time="2.816" /><testcase classname="backend.tests.test_excel_import_p0.TestPriceLookup" name="test_price_lookup_cable" time="4.476" /><testcase classname="backend.tests.test_excel_import_p0.TestMaterialsDB" name="test_get_materials" time="0.382" /><testcase classname="backend.tests.test_excel_import_p0.TestMaterialsDB" name="test_materials_crud" time="0.525" /><testcase classname="backend.tests.test_excel_import_p0.TestLaborDB" name="test_get_labor" time="0.391" /><testcase classname="backend.tests.test_excel_import_p0.TestLaborDB" name="test_labor_crud" time="0.531" /><testcase classname="backend.tests.test_excel_import_p0.TestSystemSettings" name="test_get_system_settings" time="0.396" /><testcase classname="backend.tests.test_excel_import_p0.TestProposalSettings" name="test_get_proposal_settings" time="0.394" /><testcase classname="backend.tests.test_expenses_module.TestExpensesCategories" name="test_categories_requires_auth" time="0.114" /><testcase classname="backend.tests.test_expenses_module.TestExpensesCategories" name="test_categories_returns_13_items" time="0.436" /><testcase classname="backend.tests.test_expenses_module.TestExpensesCategories" name="test_categories_contains_expected_values" time="0.379" /><testcase classname="backend.tests.test_expenses_module.TestExpensesCRUD" name="test_create_expense_manual" time="0.409" /><testcase classname="backend.tests.test_expenses_module.TestExpensesCRUD" name="test_create_expense_auto_compute_gross" time="0.388" /><testcase classname="backend.tests.test_expenses_module.TestExpensesCRUD" name="test_create_expense_obra_type" time="0.373" /><testcase classname="backend.tests.test_expenses_module.TestExpensesCRUD" name="test_list_expenses_no_filter" time="0.395" /><testcase classname="backend.tests.test_expenses_module.TestExpensesCRUD" name="test_list_expenses_filter_year" time="0.410" /><testcase classname="backend.tests.test_expenses_module.TestExpensesCRUD" name="test_list_expenses_filter_month_year" time="0.381" /><testcase classname="backend.tests.test_expenses_module.TestExpensesCRUD" name="test_list_expenses_filter_category" time="0.398" /><testcase classname="backend.tests.test_expenses_module.TestExpensesCRUD" name="test_list_expenses_filter_type" time="0.382" /><testcase classname="backend.tests.test_expenses_module.TestExpensesCRUD" name="test_get_single_expense" time="0.438" /><testcase classname="backend.tests.test_expenses_module.TestExpensesCRUD" name="test_get_nonexistent_expense" time="0.457" /><testcase classname="backend.tests.test_expenses_module.TestExpensesCRUD" name="test_update_expense" time="0.484" /><testcase classname="backend.tests.test_expenses_module.TestExpensesCRUD" name="test_update_nonexistent_expense" time="0.398" /><testcase classname="backend.tests.test_expenses_module.TestExpensesCRUD" name="test_delete_expense" time="0.499" /><testcase classname="backend.tests.test_expenses_module.TestExpensesCRUD" name="test_delete_nonexistent_expense" time="0.402" /><testcase classname="backend.tests.test_expenses_module.TestExpensesSummary" name="test_summary_requires_auth" time="0.134" /><testcase classname="backend.tests.test_expenses_module.TestExpensesSummary" name="test_summary_returns_structure" time="0.387" /><testcase classname="backend.tests.test_expenses_module.TestExpensesSummary" name="test_summary_aggregates_correctly" time="0.688" /><testcase classname="backend.tests.test_expenses_module.TestExpensesExtract" name="test_extract_requires_auth" time="0.115" /><testcase classname="backend.tests.test_expenses_module.TestExpensesExtract" name="test_extract_rejects_unsupported_format" time="0.448" /><testcase classname="backend.tests.test_expenses_module.TestExpensesExtract" name="test_extract_rejects_doc_format" time="0.431" /><testcase classname="backend.tests.test_expenses_module.TestExpensesExtract" name="test_extract_accepts_pdf_returns_structure" time="5.752" /><testcase classname="backend.tests.test_expenses_module.TestExpensesExtract" name="test_extract_accepts_jpg" time="5.378" /><testcase classname="backend.tests.test_expenses_module.TestExpensesExtract" name="test_extract_accepts_png" time="5.990" /><testcase classname="backend.tests.test_expenses_module.TestExpensesFileServing" name="test_file_requires_auth" time="0.145" /><testcase classname="backend.tests.test_expenses_module.TestExpensesFileServing" name="test_file_nonexistent_returns_404" time="0.402" /><testcase classname="backend.tests.test_expenses_module.TestExpensesRegression" name="test_budgets_still_work" time="0.411" /><testcase classname="backend.tests.test_expenses_module.TestExpensesRegression" name="test_proposals_still_work" time="0.417" /><testcase classname="backend.tests.test_expenses_module.TestExpensesRegression" name="test_works_still_work" time="0.382" /><testcase classname="backend.tests.test_expenses_module.TestExpensesRegression" name="test_payroll_summary_still_works" time="1.096" /><testcase classname="backend.tests.test_obelisco_api.TestAuth" name="test_login_success" time="0.341" /><testcase classname="backend.tests.test_obelisco_api.TestAuth" name="test_login_invalid_credentials" time="0.339" /><testcase classname="backend.tests.test_obelisco_api.TestAuth" name="test_login_invalid_email" time="0.108" /><testcase classname="backend.tests.test_obelisco_api.TestAuth" name="test_auth_me_without_token" time="0.109" /><testcase classname="backend.tests.test_obelisco_api.TestAuth" name="test_logout" time="0.374" /><testcase classname="backend.tests.test_obelisco_api.TestBudgets" name="test_get_budgets_unauthorized" time="0.116" /><testcase classname="backend.tests.test_obelisco_api.TestBudgets" name="test_create_budget" time="0.445" /><testcase classname="backend.tests.test_obelisco_api.TestBudgets" name="test_get_budgets" time="0.398" /><testcase classname="backend.tests.test_obelisco_api.TestBudgets" name="test_budget_crud_flow" time="0.641" /><testcase classname="backend.tests.test_obelisco_api.TestProposals" name="test_generate_proposals_from_budget" time="0.625" /><testcase classname="backend.tests.test_obelisco_api.TestProposals" name="test_get_proposals" time="0.440" /><testcase classname="backend.tests.test_obelisco_api.TestProposals" name="test_update_proposal_status" time="0.665" /><testcase classname="backend.tests.test_obelisco_api.TestWorks" name="test_create_work" time="0.462" /><testcase classname="backend.tests.test_obelisco_api.TestWorks" name="test_work_crud_flow" time="0.614" /><testcase classname="backend.tests.test_obelisco_api.TestWorks" name="test_create_work_from_proposal" time="0.742" /><testcase classname="backend.tests.test_obelisco_api.TestAppointments" name="test_create_appointment" time="0.442" /><testcase classname="backend.tests.test_obelisco_api.TestAppointments" name="test_duplicate_appointment_prevention" time="0.486" /><testcase classname="backend.tests.test_obelisco_api.TestAppointments" name="test_get_appointments" time="0.392" /><testcase classname="backend.tests.test_obelisco_api.TestAppointments" name="test_appointment_crud_flow" time="0.487" /><testcase classname="backend.tests.test_obelisco_api.TestDashboard" name="test_get_dashboard_stats" time="0.495" /><testcase classname="backend.tests.test_obelisco_api.TestDashboard" name="test_dashboard_stats_unauthorized" time="0.122" /><testcase classname="backend.tests.test_payroll_module.TestPayrollSettings" name="test_get_default_settings" time="0.383" /><testcase classname="backend.tests.test_payroll_module.TestPayrollSettings" name="test_update_settings" time="0.145" /><testcase classname="backend.tests.test_payroll_module.TestPayrollEmployees" name="test_create_employee" time="0.096" /><testcase classname="backend.tests.test_payroll_module.TestPayrollEmployees" name="test_list_employees" time="0.142" /><testcase classname="backend.tests.test_payroll_module.TestPayrollEmployees" name="test_update_employee" time="0.207" /><testcase classname="backend.tests.test_payroll_module.TestPayrollEmployees" name="test_delete_employee" time="0.141" /><testcase classname="backend.tests.test_payroll_module.TestPayrollAttendance" name="test_create_attendance_normal" time="0.194" /><testcase classname="backend.tests.test_payroll_module.TestPayrollAttendance" name="test_create_attendance_various_types" time="0.758" /><testcase classname="backend.tests.test_payroll_module.TestPayrollAttendance" name="test_list_attendance_by_employee_and_month" time="0.456" /><testcase classname="backend.tests.test_payroll_module.TestPayrollAttendance" name="test_prevent_duplicate_date" time="0.241" /><testcase classname="backend.tests.test_payroll_module.TestPayrollRuns" name="test_create_run_basic_calculation" time="1.415" /><testcase classname="backend.tests.test_payroll_module.TestPayrollRuns" name="test_create_run_with_overtime" time="0.486" /><testcase classname="backend.tests.test_payroll_module.TestPayrollRuns" name="test_prevent_duplicate_run" time="0.392" /><testcase classname="backend.tests.test_payroll_module.TestPayrollRuns" name="test_update_item_premio_recalculates" time="0.348" /><testcase classname="backend.tests.test_payroll_module.TestPayrollRuns" name="test_close_run_prevents_edit" time="0.454" /><testcase classname="backend.tests.test_payroll_module.TestPayrollRuns" name="test_reopen_run" time="0.449" /><testcase classname="backend.tests.test_payroll_module.TestPayrollRuns" name="test_delete_run_fails_if_closed" time="0.396" /><testcase classname="backend.tests.test_payroll_module.TestPayrollRuns" name="test_delete_run_works_if_open" time="0.286" /><testcase classname="backend.tests.test_payroll_module.TestPayrollSummary" name="test_get_summary" time="0.050" /><testcase classname="backend.tests.test_signature_feature.TestSignatureFeature" name="test_create_sign_link_requires_auth" time="0.788" /><testcase classname="backend.tests.test_signature_feature.TestSignatureFeature" name="test_create_sign_link_success" time="0.761" /><testcase classname="backend.tests.test_signature_feature.TestSignatureFeature" name="test_create_sign_link_idempotent" time="0.770" /><testcase classname="backend.tests.test_signature_feature.TestSignatureFeature" name="test_public_get_proposal_no_auth" time="0.963" /><testcase classname="backend.tests.test_signature_feature.TestSignatureFeature" name="test_public_get_proposal_excludes_sign_token" time="0.805" /><testcase classname="backend.tests.test_signature_feature.TestSignatureFeature" name="test_public_get_proposal_invalid_token" time="0.745" /><testcase classname="backend.tests.test_signature_feature.TestSignatureFeature" name="test_sign_proposal_invalid_signature_data" time="0.892" /><testcase classname="backend.tests.test_signature_feature.TestSignatureFeature" name="test_sign_proposal_short_name" time="0.870" /><testcase classname="backend.tests.test_signature_feature.TestSignatureFeature" name="test_sign_proposal_success" time="0.908" /><testcase classname="backend.tests.test_signature_feature.TestSignatureFeature" name="test_sign_proposal_re_sign_rejected" time="0.928" /><testcase classname="backend.tests.test_signature_feature.TestSignatureFeature" name="test_signed_proposal_data_persisted" time="0.853" /><testcase classname="backend.tests.test_signature_feature.TestRegressionExistingEndpoints" name="test_proposals_list" time="0.426" /><testcase classname="backend.tests.test_signature_feature.TestRegressionExistingEndpoints" name="test_budgets_list" time="36.347" /><testcase classname="backend.tests.test_signature_feature.TestRegressionExistingEndpoints" name="test_works_list" time="0.415" /><testcase classname="backend.tests.test_signature_feature.TestRegressionExistingEndpoints" name="test_payroll_summary" time="0.387" /><testcase classname="backend.tests.test_stock_invoices_module.TestMaterialsWithStock" name="test_create_material_with_stock" time="0.407" /><testcase classname="backend.tests.test_stock_invoices_module.TestMaterialsWithStock" name="test_get_material_has_stock_fields" time="0.060" /><testcase classname="backend.tests.test_stock_invoices_module.TestStockMovements" name="test_stock_entrada_movement" time="0.169" /><testcase classname="backend.tests.test_stock_invoices_module.TestStockMovements" name="test_stock_saida_movement" time="0.217" /><testcase classname="backend.tests.test_stock_invoices_module.TestStockMovements" name="test_stock_saida_insufficient_rejected" time="0.159" /><testcase classname="backend.tests.test_stock_invoices_module.TestStockMovements" name="test_stock_invalid_quantity_rejected" time="0.225" /><testcase classname="backend.tests.test_stock_invoices_module.TestStockMovements" name="test_stock_invalid_type_rejected" time="0.168" /><testcase classname="backend.tests.test_stock_invoices_module.TestStockMovements" name="test_stock_movement_creates_record" time="0.176" /><testcase classname="backend.tests.test_stock_invoices_module.TestStockMovementsList" name="test_list_movements" time="0.058" /><testcase classname="backend.tests.test_stock_invoices_module.TestStockMovementsList" name="test_list_movements_filter_by_material" time="0.217" /><testcase classname="backend.tests.test_stock_invoices_module.TestLowStock" name="test_low_stock_returns_materials" time="0.172" /><testcase classname="backend.tests.test_stock_invoices_module.TestLowStock" name="test_low_stock_excludes_zero_min" time="0.165" /><testcase classname="backend.tests.test_stock_invoices_module.TestInvoiceCreate" name="test_create_invoice_auto_number" time="0.109" /><testcase classname="backend.tests.test_stock_invoices_module.TestInvoiceCreate" name="test_create_invoice_manual_number" time="0.103" /><testcase classname="backend.tests.test_stock_invoices_module.TestInvoiceCreate" name="test_create_invoice_with_vat_calc" time="0.104" /><testcase classname="backend.tests.test_stock_invoices_module.TestInvoiceStatusComputation" name="test_status_pendente" time="0.118" /><testcase classname="backend.tests.test_stock_invoices_module.TestInvoiceStatusComputation" name="test_status_vencida" time="0.107" /><testcase classname="backend.tests.test_stock_invoices_module.TestInvoiceStatusComputation" name="test_status_paga" time="0.171" /><testcase classname="backend.tests.test_stock_invoices_module.TestInvoiceStatusComputation" name="test_status_parcial" time="0.162" /><testcase classname="backend.tests.test_stock_invoices_module.TestInvoiceStatusComputation" name="test_status_vencida_parcial" time="0.156" /><testcase classname="backend.tests.test_stock_invoices_module.TestInvoiceList" name="test_list_invoices" time="0.058" /><testcase classname="backend.tests.test_stock_invoices_module.TestInvoiceList" name="test_list_invoices_filter_status" time="0.053" /><testcase classname="backend.tests.test_stock_invoices_module.TestInvoiceList" name="test_list_invoices_filter_year" time="0.053" /><testcase classname="backend.tests.test_stock_invoices_module.TestInvoicePayments" name="test_add_payment" time="0.158" /><testcase classname="backend.tests.test_stock_invoices_module.TestInvoicePayments" name="test_add_multiple_payments" time="0.207" /><testcase classname="backend.tests.test_stock_invoices_module.TestInvoicePayments" name="test_payment_zero_rejected" time="0.162" /><testcase classname="backend.tests.test_stock_invoices_module.TestInvoicePayments" name="test_delete_payment" time="0.228" /><testcase classname="backend.tests.test_stock_invoices_module.TestInvoiceReminderLog" name="test_log_reminder" time="0.280" /><testcase classname="backend.tests.test_stock_invoices_module.TestInvoiceSummary" name="test_summary_structure" time="0.057" /><testcase classname="backend.tests.test_stock_invoices_module.TestInvoiceSummary" name="test_summary_aggregates_correctly" time="0.225" /><testcase classname="backend.tests.test_stock_invoices_module.TestInvoiceCRUD" name="test_get_single_invoice" time="0.156" /><testcase classname="backend.tests.test_stock_invoices_module.TestInvoiceCRUD" name="test_update_invoice" time="0.152" /><testcase classname="backend.tests.test_stock_invoices_module.TestInvoiceCRUD" name="test_delete_invoice" time="0.161" /><testcase classname="backend.tests.test_stock_invoices_module.TestInvoiceCRUD" name="test_get_nonexistent_invoice" time="0.052" /><testcase classname="backend.tests.test_stock_invoices_module.TestCleanup" name="test_cleanup_test_materials" time="0.178" /><testcase classname="backend.tests.test_stock_invoices_module.TestCleanup" name="test_cleanup_test_invoices" time="0.070" /></testsuite></testsuites>