<?xml version="1.0" encoding="utf-8"?><testsuites name="pytest tests"><testsuite name="pytest" errors="0" failures="0" skipped="1" tests="112" time="72.240" timestamp="2026-04-19T17:42:41.327927+00:00" hostname="agent-env-861beb2b-96c5-4e28-8a67-fb8c05dd11a3"><testcase classname="backend.tests.test_discount_payment_features.TestBudgetDiscountCalculation" name="test_budget_with_per_item_value_discount" time="0.475" /><testcase classname="backend.tests.test_discount_payment_features.TestBudgetDiscountCalculation" name="test_budget_with_per_item_percentage_discount" time="0.455" /><testcase classname="backend.tests.test_discount_payment_features.TestBudgetDiscountCalculation" name="test_budget_with_global_percentage_discount" time="0.453" /><testcase classname="backend.tests.test_discount_payment_features.TestBudgetDiscountCalculation" name="test_budget_with_global_value_discount" time="0.430" /><testcase classname="backend.tests.test_discount_payment_features.TestBudgetDiscountCalculation" name="test_budget_combined_item_and_global_discount" time="0.463" /><testcase classname="backend.tests.test_discount_payment_features.TestBudgetPaymentFields" name="test_budget_with_all_payment_fields" time="0.464" /><testcase classname="backend.tests.test_discount_payment_features.TestBudgetPaymentFields" name="test_budget_update_payment_fields" time="0.473" /><testcase classname="backend.tests.test_discount_payment_features.TestBudgetUpdateWithDiscount" name="test_update_budget_items_recalculates_total" time="0.473" /><testcase classname="backend.tests.test_discount_payment_features.TestBudgetUpdateWithDiscount" name="test_update_discount_recalculates_total" time="0.492" /><testcase classname="backend.tests.test_discount_payment_features.TestProposalPaymentPropagation" name="test_proposals_inherit_payment_fields" time="1.195" /><testcase classname="backend.tests.test_discount_payment_features.TestProposalPaymentPropagation" name="test_proposals_have_correct_final_values" time="0.626" /><testcase classname="backend.tests.test_discount_payment_features.TestBudgetItemDiscountFields" name="test_item_discount_fields_stored" time="0.426" /><testcase classname="backend.tests.test_excel_import_p0.TestExcelImportP0" name="test_import_excel_no_header_row" time="1.104" /><testcase classname="backend.tests.test_excel_import_p0.TestExcelImportP0" name="test_import_real_user_file" time="0.339"><skipped type="pytest.skip" message="User's test file /tmp/mapa.xlsx not found">/app/backend/tests/test_excel_import_p0.py:103: User's test file /tmp/mapa.xlsx not found</skipped></testcase><testcase classname="backend.tests.test_excel_import_p0.TestExcelImportP0" name="test_import_excel_with_header_row" time="0.474" /><testcase classname="backend.tests.test_excel_import_p0.TestCategories" name="test_get_categories" time="0.390" /><testcase classname="backend.tests.test_excel_import_p0.TestCategories" name="test_save_custom_item" time="0.392" /><testcase classname="backend.tests.test_excel_import_p0.TestPriceLookup" name="test_price_lookup_basic" time="2.962" /><testcase classname="backend.tests.test_excel_import_p0.TestPriceLookup" name="test_price_lookup_cable" time="2.193" /><testcase classname="backend.tests.test_excel_import_p0.TestMaterialsDB" name="test_get_materials" time="0.394" /><testcase classname="backend.tests.test_excel_import_p0.TestMaterialsDB" name="test_materials_crud" time="0.514" /><testcase classname="backend.tests.test_excel_import_p0.TestLaborDB" name="test_get_labor" time="0.395" /><testcase classname="backend.tests.test_excel_import_p0.TestLaborDB" name="test_labor_crud" time="0.482" /><testcase classname="backend.tests.test_excel_import_p0.TestSystemSettings" name="test_get_system_settings" time="0.371" /><testcase classname="backend.tests.test_excel_import_p0.TestProposalSettings" name="test_get_proposal_settings" time="0.381" /><testcase classname="backend.tests.test_expenses_module.TestExpensesCategories" name="test_categories_requires_auth" time="0.099" /><testcase classname="backend.tests.test_expenses_module.TestExpensesCategories" name="test_categories_returns_13_items" time="0.378" /><testcase classname="backend.tests.test_expenses_module.TestExpensesCategories" name="test_categories_contains_expected_values" time="0.409" /><testcase classname="backend.tests.test_expenses_module.TestExpensesCRUD" name="test_create_expense_manual" time="0.388" /><testcase classname="backend.tests.test_expenses_module.TestExpensesCRUD" name="test_create_expense_auto_compute_gross" time="0.398" /><testcase classname="backend.tests.test_expenses_module.TestExpensesCRUD" name="test_create_expense_obra_type" time="0.380" /><testcase classname="backend.tests.test_expenses_module.TestExpensesCRUD" name="test_list_expenses_no_filter" time="0.387" /><testcase classname="backend.tests.test_expenses_module.TestExpensesCRUD" name="test_list_expenses_filter_year" time="0.370" /><testcase classname="backend.tests.test_expenses_module.TestExpensesCRUD" name="test_list_expenses_filter_month_year" time="0.395" /><testcase classname="backend.tests.test_expenses_module.TestExpensesCRUD" name="test_list_expenses_filter_category" time="0.409" /><testcase classname="backend.tests.test_expenses_module.TestExpensesCRUD" name="test_list_expenses_filter_type" time="0.382" /><testcase classname="backend.tests.test_expenses_module.TestExpensesCRUD" name="test_get_single_expense" time="0.428" /><testcase classname="backend.tests.test_expenses_module.TestExpensesCRUD" name="test_get_nonexistent_expense" time="0.387" /><testcase classname="backend.tests.test_expenses_module.TestExpensesCRUD" name="test_update_expense" time="0.486" /><testcase classname="backend.tests.test_expenses_module.TestExpensesCRUD" name="test_update_nonexistent_expense" time="0.375" /><testcase classname="backend.tests.test_expenses_module.TestExpensesCRUD" name="test_delete_expense" time="0.509" /><testcase classname="backend.tests.test_expenses_module.TestExpensesCRUD" name="test_delete_nonexistent_expense" time="0.370" /><testcase classname="backend.tests.test_expenses_module.TestExpensesSummary" name="test_summary_requires_auth" time="0.101" /><testcase classname="backend.tests.test_expenses_module.TestExpensesSummary" name="test_summary_returns_structure" time="0.394" /><testcase classname="backend.tests.test_expenses_module.TestExpensesSummary" name="test_summary_aggregates_correctly" time="0.671" /><testcase classname="backend.tests.test_expenses_module.TestExpensesExtract" name="test_extract_requires_auth" time="0.104" /><testcase classname="backend.tests.test_expenses_module.TestExpensesExtract" name="test_extract_rejects_unsupported_format" time="0.445" /><testcase classname="backend.tests.test_expenses_module.TestExpensesExtract" name="test_extract_rejects_doc_format" time="0.427" /><testcase classname="backend.tests.test_expenses_module.TestExpensesExtract" name="test_extract_accepts_pdf_returns_structure" time="5.463" /><testcase classname="backend.tests.test_expenses_module.TestExpensesExtract" name="test_extract_accepts_jpg" time="5.634" /><testcase classname="backend.tests.test_expenses_module.TestExpensesExtract" name="test_extract_accepts_png" time="5.576" /><testcase classname="backend.tests.test_expenses_module.TestExpensesFileServing" name="test_file_requires_auth" time="0.160" /><testcase classname="backend.tests.test_expenses_module.TestExpensesFileServing" name="test_file_nonexistent_returns_404" time="0.373" /><testcase classname="backend.tests.test_expenses_module.TestExpensesRegression" name="test_budgets_still_work" time="0.388" /><testcase classname="backend.tests.test_expenses_module.TestExpensesRegression" name="test_proposals_still_work" time="0.415" /><testcase classname="backend.tests.test_expenses_module.TestExpensesRegression" name="test_works_still_work" time="0.426" /><testcase classname="backend.tests.test_expenses_module.TestExpensesRegression" name="test_payroll_summary_still_works" time="1.154" /><testcase classname="backend.tests.test_obelisco_api.TestAuth" name="test_login_success" time="0.345" /><testcase classname="backend.tests.test_obelisco_api.TestAuth" name="test_login_invalid_credentials" time="0.341" /><testcase classname="backend.tests.test_obelisco_api.TestAuth" name="test_login_invalid_email" time="0.105" /><testcase classname="backend.tests.test_obelisco_api.TestAuth" name="test_auth_me_without_token" time="0.109" /><testcase classname="backend.tests.test_obelisco_api.TestAuth" name="test_logout" time="0.403" /><testcase classname="backend.tests.test_obelisco_api.TestBudgets" name="test_get_budgets_unauthorized" time="0.115" /><testcase classname="backend.tests.test_obelisco_api.TestBudgets" name="test_create_budget" time="0.499" /><testcase classname="backend.tests.test_obelisco_api.TestBudgets" name="test_get_budgets" time="0.384" /><testcase classname="backend.tests.test_obelisco_api.TestBudgets" name="test_budget_crud_flow" time="0.586" /><testcase classname="backend.tests.test_obelisco_api.TestProposals" name="test_generate_proposals_from_budget" time="0.661" /><testcase classname="backend.tests.test_obelisco_api.TestProposals" name="test_get_proposals" time="0.427" /><testcase classname="backend.tests.test_obelisco_api.TestProposals" name="test_update_proposal_status" time="0.683" /><testcase classname="backend.tests.test_obelisco_api.TestWorks" name="test_create_work" time="0.448" /><testcase classname="backend.tests.test_obelisco_api.TestWorks" name="test_work_crud_flow" time="0.604" /><testcase classname="backend.tests.test_obelisco_api.TestWorks" name="test_create_work_from_proposal" time="0.744" /><testcase classname="backend.tests.test_obelisco_api.TestAppointments" name="test_create_appointment" time="0.424" /><testcase classname="backend.tests.test_obelisco_api.TestAppointments" name="test_duplicate_appointment_prevention" time="0.503" /><testcase classname="backend.tests.test_obelisco_api.TestAppointments" name="test_get_appointments" time="0.408" /><testcase classname="backend.tests.test_obelisco_api.TestAppointments" name="test_appointment_crud_flow" time="0.511" /><testcase classname="backend.tests.test_obelisco_api.TestDashboard" name="test_get_dashboard_stats" time="0.419" /><testcase classname="backend.tests.test_obelisco_api.TestDashboard" name="test_dashboard_stats_unauthorized" time="0.105" /><testcase classname="backend.tests.test_payroll_module.TestPayrollSettings" name="test_get_default_settings" time="0.419" /><testcase classname="backend.tests.test_payroll_module.TestPayrollSettings" name="test_update_settings" time="0.190" /><testcase classname="backend.tests.test_payroll_module.TestPayrollEmployees" name="test_create_employee" time="0.107" /><testcase classname="backend.tests.test_payroll_module.TestPayrollEmployees" name="test_list_employees" time="0.168" /><testcase classname="backend.tests.test_payroll_module.TestPayrollEmployees" name="test_update_employee" time="0.211" /><testcase classname="backend.tests.test_payroll_module.TestPayrollEmployees" name="test_delete_employee" time="0.155" /><testcase classname="backend.tests.test_payroll_module.TestPayrollAttendance" name="test_create_attendance_normal" time="0.243" /><testcase classname="backend.tests.test_payroll_module.TestPayrollAttendance" name="test_create_attendance_various_types" time="0.911" /><testcase classname="backend.tests.test_payroll_module.TestPayrollAttendance" name="test_list_attendance_by_employee_and_month" time="0.475" /><testcase classname="backend.tests.test_payroll_module.TestPayrollAttendance" name="test_prevent_duplicate_date" time="0.277" /><testcase classname="backend.tests.test_payroll_module.TestPayrollRuns" name="test_create_run_basic_calculation" time="1.484" /><testcase classname="backend.tests.test_payroll_module.TestPayrollRuns" name="test_create_run_with_overtime" time="0.547" /><testcase classname="backend.tests.test_payroll_module.TestPayrollRuns" name="test_prevent_duplicate_run" time="0.410" /><testcase classname="backend.tests.test_payroll_module.TestPayrollRuns" name="test_update_item_premio_recalculates" time="0.382" /><testcase classname="backend.tests.test_payroll_module.TestPayrollRuns" name="test_close_run_prevents_edit" time="0.470" /><testcase classname="backend.tests.test_payroll_module.TestPayrollRuns" name="test_reopen_run" time="0.528" /><testcase classname="backend.tests.test_payroll_module.TestPayrollRuns" name="test_delete_run_fails_if_closed" time="0.444" /><testcase classname="backend.tests.test_payroll_module.TestPayrollRuns" name="test_delete_run_works_if_open" time="0.339" /><testcase classname="backend.tests.test_payroll_module.TestPayrollSummary" name="test_get_summary" time="0.053" /><testcase classname="backend.tests.test_signature_feature.TestSignatureFeature" name="test_create_sign_link_requires_auth" time="0.807" /><testcase classname="backend.tests.test_signature_feature.TestSignatureFeature" name="test_create_sign_link_success" time="0.703" /><testcase classname="backend.tests.test_signature_feature.TestSignatureFeature" name="test_create_sign_link_idempotent" time="0.721" /><testcase classname="backend.tests.test_signature_feature.TestSignatureFeature" name="test_public_get_proposal_no_auth" time="0.807" /><testcase classname="backend.tests.test_signature_feature.TestSignatureFeature" name="test_public_get_proposal_excludes_sign_token" time="0.818" /><testcase classname="backend.tests.test_signature_feature.TestSignatureFeature" name="test_public_get_proposal_invalid_token" time="0.741" /><testcase classname="backend.tests.test_signature_feature.TestSignatureFeature" name="test_sign_proposal_invalid_signature_data" time="0.785" /><testcase classname="backend.tests.test_signature_feature.TestSignatureFeature" name="test_sign_proposal_short_name" time="0.772" /><testcase classname="backend.tests.test_signature_feature.TestSignatureFeature" name="test_sign_proposal_success" time="0.801" /><testcase classname="backend.tests.test_signature_feature.TestSignatureFeature" name="test_sign_proposal_re_sign_rejected" time="0.891" /><testcase classname="backend.tests.test_signature_feature.TestSignatureFeature" name="test_signed_proposal_data_persisted" time="0.887" /><testcase classname="backend.tests.test_signature_feature.TestRegressionExistingEndpoints" name="test_proposals_list" time="0.403" /><testcase classname="backend.tests.test_signature_feature.TestRegressionExistingEndpoints" name="test_budgets_list" time="0.390" /><testcase classname="backend.tests.test_signature_feature.TestRegressionExistingEndpoints" name="test_works_list" time="0.377" /><testcase classname="backend.tests.test_signature_feature.TestRegressionExistingEndpoints" name="test_payroll_summary" time="0.395" /></testsuite></testsuites>