<?xml version="1.0" encoding="utf-8"?><testsuites name="pytest tests"><testsuite name="pytest" errors="0" failures="0" skipped="0" tests="15" time="13.395" timestamp="2026-05-20T21:49:24.028397+00:00" hostname="agent-env-861beb2b-96c5-4e28-8a67-fb8c05dd11a3"><testcase classname="backend.tests.test_schedule_proposal.TestScheduleProposal" name="test_schedule_creates_appointment_with_any_window" time="0.913" /><testcase classname="backend.tests.test_schedule_proposal.TestScheduleProposal" name="test_schedule_respects_morning_window" time="0.819" /><testcase classname="backend.tests.test_schedule_proposal.TestScheduleProposal" name="test_schedule_respects_afternoon_window" time="1.206" /><testcase classname="backend.tests.test_schedule_proposal.TestScheduleProposal" name="test_schedule_respects_duration_2h" time="1.046" /><testcase classname="backend.tests.test_schedule_proposal.TestScheduleProposal" name="test_schedule_respects_duration_3h" time="0.764" /><testcase classname="backend.tests.test_schedule_proposal.TestScheduleProposal" name="test_schedule_respects_duration_4h" time="0.821" /><testcase classname="backend.tests.test_schedule_proposal.TestScheduleProposal" name="test_schedule_respects_duration_8h" time="0.736" /><testcase classname="backend.tests.test_schedule_proposal.TestScheduleProposal" name="test_schedule_blocks_duplicate_409" time="1.014" /><testcase classname="backend.tests.test_schedule_proposal.TestScheduleProposal" name="test_schedule_returns_widget_url_with_query_params" time="0.817" /><testcase classname="backend.tests.test_schedule_proposal.TestScheduleProposal" name="test_schedule_skips_weekends" time="1.889" /><testcase classname="backend.tests.test_schedule_proposal.TestScheduleProposal" name="test_schedule_404_for_nonexistent_proposal" time="0.732" /><testcase classname="backend.tests.test_schedule_proposal.TestScheduleProposal" name="test_schedule_422_for_impossible_duration" time="0.723" /><testcase classname="backend.tests.test_schedule_proposal.TestScheduleProposal" name="test_appointment_has_all_required_fields" time="0.794" /><testcase classname="backend.tests.test_schedule_proposal.TestAppointmentsOverlapRegression" name="test_appointments_rejects_overlap" time="0.480" /><testcase classname="backend.tests.test_schedule_proposal.TestAppointmentsOverlapRegression" name="test_appointments_allows_adjacent" time="0.537" /></testsuite></testsuites>