<?xml version="1.0" encoding="utf-8"?><testsuites name="pytest tests"><testsuite name="pytest" errors="0" failures="0" skipped="0" tests="32" time="27.680" timestamp="2026-04-19T17:38:27.802234+00:00" hostname="agent-env-861beb2b-96c5-4e28-8a67-fb8c05dd11a3"><testcase classname="backend.tests.test_expenses_module.TestExpensesCategories" name="test_categories_requires_auth" time="0.116" /><testcase classname="backend.tests.test_expenses_module.TestExpensesCategories" name="test_categories_returns_13_items" time="0.383" /><testcase classname="backend.tests.test_expenses_module.TestExpensesCategories" name="test_categories_contains_expected_values" time="0.430" /><testcase classname="backend.tests.test_expenses_module.TestExpensesCRUD" name="test_create_expense_manual" time="0.378" /><testcase classname="backend.tests.test_expenses_module.TestExpensesCRUD" name="test_create_expense_auto_compute_gross" time="0.381" /><testcase classname="backend.tests.test_expenses_module.TestExpensesCRUD" name="test_create_expense_obra_type" time="0.383" /><testcase classname="backend.tests.test_expenses_module.TestExpensesCRUD" name="test_list_expenses_no_filter" time="0.378" /><testcase classname="backend.tests.test_expenses_module.TestExpensesCRUD" name="test_list_expenses_filter_year" time="0.387" /><testcase classname="backend.tests.test_expenses_module.TestExpensesCRUD" name="test_list_expenses_filter_month_year" time="0.401" /><testcase classname="backend.tests.test_expenses_module.TestExpensesCRUD" name="test_list_expenses_filter_category" time="0.371" /><testcase classname="backend.tests.test_expenses_module.TestExpensesCRUD" name="test_list_expenses_filter_type" time="0.403" /><testcase classname="backend.tests.test_expenses_module.TestExpensesCRUD" name="test_get_single_expense" time="0.435" /><testcase classname="backend.tests.test_expenses_module.TestExpensesCRUD" name="test_get_nonexistent_expense" time="0.379" /><testcase classname="backend.tests.test_expenses_module.TestExpensesCRUD" name="test_update_expense" time="0.469" /><testcase classname="backend.tests.test_expenses_module.TestExpensesCRUD" name="test_update_nonexistent_expense" time="0.395" /><testcase classname="backend.tests.test_expenses_module.TestExpensesCRUD" name="test_delete_expense" time="0.469" /><testcase classname="backend.tests.test_expenses_module.TestExpensesCRUD" name="test_delete_nonexistent_expense" time="0.356" /><testcase classname="backend.tests.test_expenses_module.TestExpensesSummary" name="test_summary_requires_auth" time="0.108" /><testcase classname="backend.tests.test_expenses_module.TestExpensesSummary" name="test_summary_returns_structure" time="0.409" /><testcase classname="backend.tests.test_expenses_module.TestExpensesSummary" name="test_summary_aggregates_correctly" time="0.697" /><testcase classname="backend.tests.test_expenses_module.TestExpensesExtract" name="test_extract_requires_auth" time="0.103" /><testcase classname="backend.tests.test_expenses_module.TestExpensesExtract" name="test_extract_rejects_unsupported_format" time="0.451" /><testcase classname="backend.tests.test_expenses_module.TestExpensesExtract" name="test_extract_rejects_doc_format" time="0.444" /><testcase classname="backend.tests.test_expenses_module.TestExpensesExtract" name="test_extract_accepts_pdf_returns_structure" time="5.267" /><testcase classname="backend.tests.test_expenses_module.TestExpensesExtract" name="test_extract_accepts_jpg" time="5.295" /><testcase classname="backend.tests.test_expenses_module.TestExpensesExtract" name="test_extract_accepts_png" time="5.536" /><testcase classname="backend.tests.test_expenses_module.TestExpensesFileServing" name="test_file_requires_auth" time="0.123" /><testcase classname="backend.tests.test_expenses_module.TestExpensesFileServing" name="test_file_nonexistent_returns_404" time="0.367" /><testcase classname="backend.tests.test_expenses_module.TestExpensesRegression" name="test_budgets_still_work" time="0.420" /><testcase classname="backend.tests.test_expenses_module.TestExpensesRegression" name="test_proposals_still_work" time="0.395" /><testcase classname="backend.tests.test_expenses_module.TestExpensesRegression" name="test_works_still_work" time="0.369" /><testcase classname="backend.tests.test_expenses_module.TestExpensesRegression" name="test_payroll_summary_still_works" time="1.075" /></testsuite></testsuites>