<?xml version="1.0" encoding="utf-8"?><testsuites name="pytest tests"><testsuite name="pytest" errors="0" failures="0" skipped="0" tests="6" time="2.005" timestamp="2026-08-07T13:34:19.925423+00:00" hostname="agent-env-d0169cb8-e259-430d-84d8-9c16211a899e"><testcase classname="backend.tests.test_recurring_consolidated" name="test_get_recurring_consolidated" time="0.567" /><testcase classname="backend.tests.test_recurring_consolidated" name="test_route_not_intercepted_by_analysis_id" time="0.118" /><testcase classname="backend.tests.test_recurring_consolidated" name="test_refresh_recurring_consolidated" time="0.108" /><testcase classname="backend.tests.test_recurring_consolidated" name="test_patch_recurring_master" time="0.329" /><testcase classname="backend.tests.test_recurring_consolidated" name="test_patch_nonexistent_master" time="0.098" /><testcase classname="backend.tests.test_recurring_consolidated" name="test_delete_and_recreate_master" time="0.588" /></testsuite></testsuites>