<?xml version="1.0" encoding="utf-8"?><testsuites name="pytest tests"><testsuite name="pytest" errors="0" failures="0" skipped="0" tests="2" time="22.561" timestamp="2026-08-06T14:59:03.967771+00:00" hostname="agent-env-b3a6baa4-bc56-43f8-8dd2-7b2815231e62"><testcase classname="backend.tests.test_sequential_extract" name="test_extract_first_upload" time="9.334" /><testcase classname="backend.tests.test_sequential_extract" name="test_extract_two_sequential_uploads" time="12.982" /></testsuite></testsuites>