<?xml version="1.0" encoding="utf-8"?><testsuites name="pytest tests"><testsuite name="pytest" errors="0" failures="0" skipped="0" tests="17" time="4.121" timestamp="2026-08-05T00:24:44.768894+00:00" hostname="agent-env-b3a6baa4-bc56-43f8-8dd2-7b2815231e62"><testcase classname="backend.tests.test_service_orders.TestPublic" name="test_public_create_no_auth" time="0.226" /><testcase classname="backend.tests.test_service_orders.TestPublic" name="test_public_invalid_email" time="0.141" /><testcase classname="backend.tests.test_service_orders.TestOrdersCRUD" name="test_requires_auth_for_list" time="0.152" /><testcase classname="backend.tests.test_service_orders.TestOrdersCRUD" name="test_list_orders" time="0.468" /><testcase classname="backend.tests.test_service_orders.TestOrdersCRUD" name="test_dashboard_stats" time="0.111" /><testcase classname="backend.tests.test_service_orders.TestOrdersCRUD" name="test_admin_create_order" time="0.136" /><testcase classname="backend.tests.test_service_orders.TestOrdersCRUD" name="test_get_single_order" time="0.248" /><testcase classname="backend.tests.test_service_orders.TestOrdersCRUD" name="test_patch_status" time="0.428" /><testcase classname="backend.tests.test_service_orders.TestOrdersCRUD" name="test_not_found" time="0.137" /><testcase classname="backend.tests.test_service_orders.TestNotes" name="test_add_and_delete_note" time="0.527" /><testcase classname="backend.tests.test_service_orders.TestPhotos" name="test_add_photo_auth" time="0.120" /><testcase classname="backend.tests.test_service_orders.TestPhotos" name="test_add_photo_public" time="0.117" /><testcase classname="backend.tests.test_service_orders.TestTimeclock" name="test_my_status" time="0.107" /><testcase classname="backend.tests.test_service_orders.TestTimeclock" name="test_entrada_saida_flow" time="0.667" /><testcase classname="backend.tests.test_service_orders.TestTimeclock" name="test_today_admin" time="0.102" /><testcase classname="backend.tests.test_service_orders.TestTimeclock" name="test_all_admin_only" time="0.118" /><testcase classname="backend.tests.test_service_orders.TestTimeclock" name="test_all_requires_auth" time="0.103" /></testsuite></testsuites>