<?xml version="1.0" encoding="utf-8"?><testsuites name="pytest tests"><testsuite name="pytest" errors="0" failures="0" skipped="0" tests="29" time="7.367" timestamp="2026-07-24T09:03:03.981809+00:00" hostname="agent-env-861beb2b-96c5-4e28-8a67-fb8c05dd11a3"><testcase classname="backend.tests.test_tech_extras.TestPonto" name="test_today_empty_shape" time="1.208" /><testcase classname="backend.tests.test_tech_extras.TestPonto" name="test_punch_in" time="0.109" /><testcase classname="backend.tests.test_tech_extras.TestPonto" name="test_week_returns_list" time="0.140" /><testcase classname="backend.tests.test_tech_extras.TestPonto" name="test_ponto_requires_tech_token" time="0.481" /><testcase classname="backend.tests.test_tech_extras.TestChat" name="test_send_and_list_message" time="0.494" /><testcase classname="backend.tests.test_tech_extras.TestChat" name="test_admin_can_post_to_thread" time="0.217" /><testcase classname="backend.tests.test_tech_extras.TestChat" name="test_admin_threads_endpoint" time="0.111" /><testcase classname="backend.tests.test_tech_extras.TestChat" name="test_chat_requires_tech" time="0.099" /><testcase classname="backend.tests.test_tech_extras.TestAgenda" name="test_works_my" time="0.106" /><testcase classname="backend.tests.test_tech_extras.TestAgenda" name="test_appointments_my" time="0.105" /><testcase classname="backend.tests.test_tech_extras.TestProfile" name="test_get_profile" time="0.095" /><testcase classname="backend.tests.test_tech_extras.TestProfile" name="test_profile_requires_tech" time="0.097" /><testcase classname="backend.tests.test_tech_extras.TestPhotos" name="test_upload_and_list_photo" time="0.445" /><testcase classname="backend.tests.test_tech_extras.TestPhotos" name="test_upload_rejects_bad_extension" time="0.098" /><testcase classname="backend.tests.test_tech_extras.TestIsolation" name="test_no_token_rejected" time="0.503" /><testcase classname="backend.tests.test_tech_portal_auth.TestAdminAuth" name="test_admin_login_success" time="0.320" /><testcase classname="backend.tests.test_tech_portal_auth.TestAdminAuth" name="test_admin_me" time="0.430" /><testcase classname="backend.tests.test_tech_portal_auth.TestAdminAuth" name="test_admin_login_wrong_password" time="0.339" /><testcase classname="backend.tests.test_tech_portal_auth.TestTechAuth" name="test_tech_login_success" time="0.321" /><testcase classname="backend.tests.test_tech_portal_auth.TestTechAuth" name="test_tech_me" time="0.101" /><testcase classname="backend.tests.test_tech_portal_auth.TestTechAuth" name="test_tech_login_wrong_password" time="0.350" /><testcase classname="backend.tests.test_tech_portal_auth.TestTechAuth" name="test_tech_login_unknown_email" time="0.103" /><testcase classname="backend.tests.test_tech_portal_auth.TestCrossTokenIsolation" name="test_admin_token_cannot_call_tech_me" time="0.096" /><testcase classname="backend.tests.test_tech_portal_auth.TestCrossTokenIsolation" name="test_tech_token_cannot_call_admin_me" time="0.106" /><testcase classname="backend.tests.test_tech_portal_auth.TestCrossTokenIsolation" name="test_tech_token_cannot_list_admin_guides" time="0.096" /><testcase classname="backend.tests.test_tech_portal_auth.TestTechGuides" name="test_tech_list_my_guides" time="0.102" /><testcase classname="backend.tests.test_tech_portal_auth.TestTechGuides" name="test_tech_get_guide_detail" time="0.199" /><testcase classname="backend.tests.test_tech_portal_auth.TestTechGuides" name="test_tech_cannot_get_other_guide" time="0.099" /><testcase classname="backend.tests.test_tech_portal_auth.TestTechGuides" name="test_tech_endpoints_reject_no_token" time="0.101" /></testsuite></testsuites>