<?xml version="1.0" encoding="utf-8"?><testsuites name="pytest tests"><testsuite name="pytest" errors="0" failures="0" skipped="0" tests="14" time="3.106" timestamp="2026-07-24T08:33:08.062005+00:00" hostname="agent-env-861beb2b-96c5-4e28-8a67-fb8c05dd11a3"><testcase classname="backend.tests.test_tech_portal_auth.TestAdminAuth" name="test_admin_login_success" time="0.460" /><testcase classname="backend.tests.test_tech_portal_auth.TestAdminAuth" name="test_admin_me" time="0.423" /><testcase classname="backend.tests.test_tech_portal_auth.TestAdminAuth" name="test_admin_login_wrong_password" time="0.351" /><testcase classname="backend.tests.test_tech_portal_auth.TestTechAuth" name="test_tech_login_success" time="0.334" /><testcase classname="backend.tests.test_tech_portal_auth.TestTechAuth" name="test_tech_me" time="0.096" /><testcase classname="backend.tests.test_tech_portal_auth.TestTechAuth" name="test_tech_login_wrong_password" time="0.328" /><testcase classname="backend.tests.test_tech_portal_auth.TestTechAuth" name="test_tech_login_unknown_email" time="0.106" /><testcase classname="backend.tests.test_tech_portal_auth.TestCrossTokenIsolation" name="test_admin_token_cannot_call_tech_me" time="0.140" /><testcase classname="backend.tests.test_tech_portal_auth.TestCrossTokenIsolation" name="test_tech_token_cannot_call_admin_me" time="0.098" /><testcase classname="backend.tests.test_tech_portal_auth.TestCrossTokenIsolation" name="test_tech_token_cannot_list_admin_guides" time="0.104" /><testcase classname="backend.tests.test_tech_portal_auth.TestTechGuides" name="test_tech_list_my_guides" time="0.102" /><testcase classname="backend.tests.test_tech_portal_auth.TestTechGuides" name="test_tech_get_guide_detail" time="0.235" /><testcase classname="backend.tests.test_tech_portal_auth.TestTechGuides" name="test_tech_cannot_get_other_guide" time="0.148" /><testcase classname="backend.tests.test_tech_portal_auth.TestTechGuides" name="test_tech_endpoints_reject_no_token" time="0.101" /></testsuite></testsuites>