<?xml version="1.0" encoding="utf-8"?><testsuites name="pytest tests"><testsuite name="pytest" errors="0" failures="0" skipped="0" tests="10" time="0.306" timestamp="2026-08-06T20:12:02.909145+00:00" hostname="agent-env-b3a6baa4-bc56-43f8-8dd2-7b2815231e62"><testcase classname="tests.test_telegram_bot_separation.TestEnvSeparation" name="test_ponto_and_manager_tokens_present" time="0.001" /><testcase classname="tests.test_telegram_bot_separation.TestEnvSeparation" name="test_no_legacy_telegram_bot_token" time="0.000" /><testcase classname="tests.test_telegram_bot_separation.TestEnvSeparation" name="test_admin_chat_id_present" time="0.000" /><testcase classname="tests.test_telegram_bot_separation.TestSourceReferences" name="test_service_orders_defines_both_helpers" time="0.000" /><testcase classname="tests.test_telegram_bot_separation.TestSourceReferences" name="test_tech_extras_punch_uses_ponto_only" time="0.000" /><testcase classname="tests.test_telegram_bot_separation.TestSourceReferences" name="test_telegram_scheduler_uses_manager_only" time="0.000" /><testcase classname="tests.test_telegram_bot_separation.TestSourceReferences" name="test_service_orders_create_uses_manager" time="0.000" /><testcase classname="tests.test_telegram_bot_separation.TestRuntimeSeparation" name="test_send_ponto_uses_ponto_token_url" time="0.265" /><testcase classname="tests.test_telegram_bot_separation.TestRuntimeSeparation" name="test_send_manager_uses_manager_token_url" time="0.004" /><testcase classname="tests.test_telegram_bot_separation.TestRuntimeSeparation" name="test_telegram_scheduler_uses_manager_token" time="0.001" /></testsuite></testsuites>