<?xml version="1.0" encoding="utf-8"?><testsuites name="pytest tests"><testsuite name="pytest" errors="0" failures="0" skipped="0" tests="4" time="0.240" timestamp="2026-08-06T19:52:51.921102+00:00" hostname="agent-env-b3a6baa4-bc56-43f8-8dd2-7b2815231e62"><testcase classname="backend.tests.test_telegram_scheduler" name="test_status_command_with_bills" time="0.021" /><testcase classname="backend.tests.test_telegram_scheduler" name="test_status_command_no_bills" time="0.002" /><testcase classname="backend.tests.test_telegram_scheduler" name="test_reminder_sends_and_dedups" time="0.009" /><testcase classname="backend.tests.test_telegram_scheduler" name="test_reminder_no_bills_returns_zero" time="0.001" /></testsuite></testsuites>